T9D88 000:000.480   SEGGER J-Link V8.74 Log File
T9D88 000:000.646   DLL Compiled: Sep 30 2025 12:11:23
T9D88 000:000.651   Logging started @ 2026-01-21 09:42
T9D88 000:000.656   Process: C:\Users\admin\.eclipse\com.renesas.platform_1404335916\DebugComp\RA\e2-server-gdb.exe
T9D88 000:000.664 - 0.660ms 
T9D88 000:000.676 JLINK_GetDLLVersion()
T9D88 000:000.680 - 0.005ms returns 87400
T9D88 000:003.512 JLINK_OpenEx(...)
T9D88 000:010.381   Firmware: J-Link V9 compiled Dec 13 2022 11:14:50
T9D88 000:011.084   Firmware: J-Link V9 compiled Dec 13 2022 11:14:50
T9D88 000:011.258   Decompressing FW timestamp took 146 us
T9D88 000:016.495   Hardware: V9.70
T9D88 000:016.510   S/N: 69741596
T9D88 000:016.517   OEM: SEGGER
T9D88 000:016.523   Feature(s): RDI, GDB, FlashDL, FlashBP, JFlash
T9D88 000:017.131   Bootloader: (FW returned invalid version)
T9D88 000:017.791   TELNET listener socket opened on port 19021
T9D88 000:017.997   WEBSRV WEBSRV_Init(): Starting webserver thread(s)
T9D88 000:018.143   WEBSRV Webserver running on local port 19080
T9D88 000:018.252   Looking for J-Link GUI Server exe at: C:\Users\admin\.eclipse\com.renesas.platform_1404335916\DebugComp\RA\ARM\Segger_v8.74.0\JLinkGUIServer.exe
T9D88 000:018.342   Looking for J-Link GUI Server exe at: C:\Program Files\SEGGER\JLink_V840\JLinkGUIServer.exe
T9D88 000:018.371   Forking J-Link GUI Server: C:\Program Files\SEGGER\JLink_V840\JLinkGUIServer.exe
T9D88 000:052.810   J-Link GUI Server info: "J-Link GUI server V8.40 "
T9D88 000:057.937 - 54.414ms returns "O.K."
T9D88 000:058.129 JLINK_ExecCommand("ProjectFile=E:\Renesas\workplace\scale/scale Debug_Flat.jlink", ...). 
T9D88 000:079.835 - 21.708ms returns 0x00
T9D88 000:080.194 JLINK_ExecCommand("device=R7FA6E2BB", ...). 
T9D88 000:081.315   Flash bank @ 0x0100A100: SFL: Parsing sectorization info from ELF file
T9D88 000:081.326     FlashDevice.SectorInfo[0]: .SectorSize = 0x00000010, .SectorStartAddr = 0x00000000
T9D88 000:081.332   FlashBank @0x0100A100: Sectorization info from SFL ELF file ignored because sectorization override from DLL / XML file is active.
T9D88 000:081.500   Flash bank @ 0x60000000: SFL: Parsing sectorization info from ELF file
T9D88 000:081.508     FlashDevice.SectorInfo[0]: .SectorSize = 0x00010000, .SectorStartAddr = 0x00000000
T9D88 000:085.716   Device "R7FA6E2BB" selected.
T9D88 000:086.040 - 5.835ms returns 0x00
T9D88 000:086.074 JLINK_TIF_GetAvailable(...)
T9D88 000:086.361 - 0.286ms 
T9D88 000:086.384 JLINK_TIF_Select(JLINKARM_TIF_SWD)
T9D88 000:087.183 - 0.801ms returns 0x00
T9D88 000:087.219 JLINK_SetSpeed(4000)
T9D88 000:087.409 - 0.195ms 
T9D88 000:087.559 JLINK_ExecCommand("SetCPUConnectIDCODE = FFFFFFFFFFFFFFFFFFFFFFFFFFFFFFFF", ...). 
T9D88 000:087.585 - 0.008ms returns 0x00
T9D88 000:087.624 JLINK_SetEndian(ARM_ENDIAN_LITTLE)
T9D88 000:087.629 - 0.005ms returns 0
T9D88 000:087.634 JLINK_SetInitRegsOnReset(OFF)
T9D88 000:087.639 - 0.005ms returns 1
T9D88 000:087.644 JLINK_SetResetType(JLINKARM_RESET_TYPE_NO_RESET)
T9D88 000:087.649 - 0.004ms returns JLINKARM_RESET_TYPE_NORMAL
T9D88 000:087.655 JLINK_ExecCommand("EnableFlashBPs", ...). 
T9D88 000:087.664 - 0.003ms returns 0x00
T9D88 000:087.670 JLINK_ExecCommand("SetAllowFlashCache = 1", ...). 
T9D88 000:087.676 - 0.001ms returns 0x01
T9D88 000:087.682 JLINK_ExecCommand("SetRestartOnClose = 0", ...). 
T9D88 000:087.689 - 0.001ms returns 0x01
T9D88 000:087.694 JLINK_ExecCommand("SetAllowSimulation = 0", ...). 
T9D88 000:087.703 - 0.004ms returns 0x00
T9D88 000:087.709 JLINK_EnableSoftBPs(ON)
T9D88 000:087.713 - 0.004ms 
T9D88 000:087.723 JLINK_Connect()
T9D88 000:088.010   ConfigTargetSettings() start
T9D88 000:088.036    J-Link Script File: Executing ConfigTargetSettings()
T9D88 000:088.056   Configuring FlashDLNoRMWThreshold=0x200 in order to make sure that option bytes programming is done via read-modify-write
T9D88 000:153.003   ConfigTargetSettings() end - Took 64.9ms
T9D88 000:153.050   InitTarget() start
T9D88 000:153.056    J-Link Script File: Executing InitTarget()
T9D88 000:153.062   SWD selected. Executing JTAG -> SWD switching sequence.
T9D88 000:154.865   DAP initialized successfully.
T9D88 000:155.839   Authentication not required. Skipping authentication process.
T9D88 000:155.859   Determining TrustZone configuration...
T9D88 000:156.711     Secure Debug: Enabled (SSD)
T9D88 000:156.742   Determining currently configured transfer type by reading the AHB-AP CSW register.
T9D88 000:157.333     --> Correct transfer type configured. Done.
T9D88 000:157.349   InitTarget() end - Took 4.29ms
T9D88 000:157.856   Found SW-DP with ID 0x6BA02477
T9D88 000:158.863   Old FW that does not support reading DPIDR via DAP jobs
T9D88 000:159.426   DPv0 detected
T9D88 000:159.438   CoreSight SoC-400 or earlier
T9D88 000:159.445   Scanning AP map to find all available APs
T9D88 000:160.190   AP[2]: Stopped AP scan as end of AP map has been reached
T9D88 000:160.217   AP[0]: AHB-AP (IDR: 0x84770001, ADDR: 0x00000000)
T9D88 000:160.223   AP[1]: APB-AP (IDR: 0x54770002, ADDR: 0x01000000)
T9D88 000:160.229   Iterating through AP map to find AHB-AP to use
T9D88 000:160.922   AP[0]: Core found
T9D88 000:160.932   AP[0]: AHB-AP ROM base: 0xE00FE000
T9D88 000:161.398   CPUID register: 0x410FD214. Implementer code: 0x41 (ARM)
T9D88 000:161.406   Feature set: Mainline
T9D88 000:161.875   Cache: No cache
T9D88 000:161.886   Found Cortex-M33 r0p4, Little endian.
T9D88 000:162.195   -- Max. mem block: 0x00010BB0
T9D88 000:162.634   
  ***** Warning: 
T9D88 000:162.645   Cortex-M (ARMv8-M and later): The connected J-Link (S/N 69741596) uses an old firmware module that does not handle I/D-cache correctly. Proper debugging functionality cannot be guaranteed if cache is enabled
T9D88 000:162.660   CPU_ReadMem(4 bytes @ 0xE000EDF0)
T9D88 000:162.906   CPU_WriteMem(4 bytes @ 0xE000EDF0)
T9D88 000:163.151   CPU_ReadMem(4 bytes @ 0xE0002000)
T9D88 000:163.375   FPUnit: 8 code (BP) slots and 0 literal slots
T9D88 000:163.386   CPU_ReadMem(4 bytes @ 0xE000EDFC)
T9D88 000:163.617   CPU_WriteMem(4 bytes @ 0xE000EDFC)
T9D88 000:163.881   CPU_ReadMem(4 bytes @ 0xE0001000)
T9D88 000:164.126   CPU_ReadMem(4 bytes @ 0xE0001000)
T9D88 000:164.371   CPU_ReadMem(4 bytes @ 0xE0001028)
T9D88 000:164.607   CPU_ReadMem(4 bytes @ 0xE0001038)
T9D88 000:164.826   CPU_ReadMem(4 bytes @ 0xE0001048)
T9D88 000:165.072   CPU_ReadMem(4 bytes @ 0xE0001058)
T9D88 000:165.314   CPU_WriteMem(4 bytes @ 0xE0001000)
T9D88 000:165.551   CPU_ReadMem(4 bytes @ 0xE000ED88)
T9D88 000:165.890   CPU_WriteMem(4 bytes @ 0xE000ED88)
T9D88 000:166.124   CPU_ReadMem(4 bytes @ 0xE000ED88)
T9D88 000:166.360   CPU_WriteMem(4 bytes @ 0xE000ED88)
T9D88 000:166.585   CPU_ReadMem(4 bytes @ 0xE000EFB8)
T9D88 000:166.827   Security extension: implemented
T9D88 000:166.836   Secure debug: enabled
T9D88 000:166.842   CoreSight components:
T9D88 000:166.847   ROMTbl[0] @ E00FE000
T9D88 000:166.853   CPU_ReadMem(64 bytes @ 0xE00FE000)
T9D88 000:167.368   CPU_ReadMem(32 bytes @ 0xE0044FE0)
T9D88 000:167.734   CPU_ReadMem(4 bytes @ 0xE0044FBC)
T9D88 000:168.002   CPU_ReadMem(4 bytes @ 0xE0044FCC)
T9D88 000:168.232   [0][0]: E0044000 CID B105900D PID 005BB906 DEVARCH 00000000 DEVTYPE 14 CTI (?)
T9D88 000:168.239   CPU_ReadMem(32 bytes @ 0xE0047FE0)
T9D88 000:168.586   CPU_ReadMem(4 bytes @ 0xE0047FBC)
T9D88 000:168.838   CPU_ReadMem(4 bytes @ 0xE0047FCC)
T9D88 000:169.078   [0][1]: E0047000 CID B105900D PID 003BB908 DEVARCH 00000000 DEVTYPE 12 CSTF
T9D88 000:169.090   CPU_ReadMem(32 bytes @ 0xE0048FE0)
T9D88 000:169.444   CPU_ReadMem(4 bytes @ 0xE0048FBC)
T9D88 000:169.675   CPU_ReadMem(4 bytes @ 0xE0048FCC)
T9D88 000:170.043   [0][2]: E0048000 CID B105900D PID 001BB961 DEVARCH 00000000 DEVTYPE 21 TMC
T9D88 000:170.057   CPU_ReadMem(32 bytes @ 0xE0049FE0)
T9D88 000:170.427   [0][3]: E0049000 CID B105F00D PID 001BB101 TSG
T9D88 000:170.452   CPU_ReadMem(32 bytes @ 0xE0040FE0)
T9D88 000:170.886   CPU_ReadMem(4 bytes @ 0xE0040FBC)
T9D88 000:171.135   CPU_ReadMem(4 bytes @ 0xE0040FCC)
T9D88 000:171.372   [0][4]: E0040000 CID B105900D PID 000BBD21 DEVARCH 00000000 DEVTYPE 11 TPIU
T9D88 000:171.393   CPU_ReadMem(32 bytes @ 0xE00FFFE0)
T9D88 000:171.778   [0][5]: E00FF000 CID B105100D PID 000BB4C9 ROM Table
T9D88 000:171.787   ROMTbl[1] @ E00FF000
T9D88 000:171.793   CPU_ReadMem(64 bytes @ 0xE00FF000)
T9D88 000:172.304   CPU_ReadMem(32 bytes @ 0xE000EFE0)
T9D88 000:172.754   CPU_ReadMem(4 bytes @ 0xE000EFBC)
T9D88 000:173.005   CPU_ReadMem(4 bytes @ 0xE000EFCC)
T9D88 000:173.242   [1][0]: E000E000 CID B105900D PID 000BBD21 DEVARCH 47702A04 DEVTYPE 00 Cortex-M33
T9D88 000:173.251   CPU_ReadMem(32 bytes @ 0xE0001FE0)
T9D88 000:173.626   CPU_ReadMem(4 bytes @ 0xE0001FBC)
T9D88 000:173.880   CPU_ReadMem(4 bytes @ 0xE0001FCC)
T9D88 000:174.124   [1][1]: E0001000 CID B105900D PID 000BBD21 DEVARCH 47701A02 DEVTYPE 00 DWT
T9D88 000:174.135   CPU_ReadMem(32 bytes @ 0xE0002FE0)
T9D88 000:174.544   CPU_ReadMem(4 bytes @ 0xE0002FBC)
T9D88 000:174.827   CPU_ReadMem(4 bytes @ 0xE0002FCC)
T9D88 000:175.121   [1][2]: E0002000 CID B105900D PID 000BBD21 DEVARCH 47701A03 DEVTYPE 00 FPB
T9D88 000:175.134   CPU_ReadMem(32 bytes @ 0xE0000FE0)
T9D88 000:175.515   CPU_ReadMem(4 bytes @ 0xE0000FBC)
T9D88 000:175.750   CPU_ReadMem(4 bytes @ 0xE0000FCC)
T9D88 000:176.009   [1][3]: E0000000 CID B105900D PID 000BBD21 DEVARCH 47701A01 DEVTYPE 43 ITM
T9D88 000:176.021   CPU_ReadMem(32 bytes @ 0xE0041FE0)
T9D88 000:176.383   CPU_ReadMem(4 bytes @ 0xE0041FBC)
T9D88 000:176.659   CPU_ReadMem(4 bytes @ 0xE0041FCC)
T9D88 000:176.876   [1][5]: E0041000 CID B105900D PID 002BBD21 DEVARCH 47724A13 DEVTYPE 13 ETM
T9D88 000:176.884   CPU_ReadMem(32 bytes @ 0xE0042FE0)
T9D88 000:177.233   CPU_ReadMem(4 bytes @ 0xE0042FBC)
T9D88 000:177.477   CPU_ReadMem(4 bytes @ 0xE0042FCC)
T9D88 000:177.725   [1][6]: E0042000 CID B105900D PID 000BBD21 DEVARCH 47701A14 DEVTYPE 14 CSS600-CTI
T9D88 000:177.754 - 90.031ms returns 0x00
T9D88 000:177.807 JLINK_Halt()
T9D88 000:180.472 - 2.663ms returns 0x00
T9D88 000:180.499 JLINK_IsHalted()
T9D88 000:180.507 - 0.008ms returns TRUE
T9D88 000:180.513 JLINK_ResetPullsRESET(ON)
T9D88 000:180.517 - 0.004ms 
T9D88 000:180.522 JLINK_Reset()
T9D88 000:180.536   JLINK_GetResetTypeDesc
T9D88 000:180.540   - 0.004ms 
T9D88 000:180.545   Reset type: CONNECT UNDER RESET (https://wiki.segger.com/J-Link_Reset_Strategies)
T9D88 000:180.553   CPU_WriteMem(4 bytes @ 0xE000EDF0)
T9D88 000:180.827   CPU_ReadMem(4 bytes @ 0xE000ED44)
T9D88 000:181.062   CPU_ReadMem(4 bytes @ 0xE000EE08)
T9D88 000:181.298   CPU_WriteMem(4 bytes @ 0xE000EE08)
T9D88 000:181.627   CPU_ReadMem(4 bytes @ 0xE000EE08)
T9D88 000:181.854   Reset: ARMv8M core with Security Extension enabled detected. Switch to secure domain.
T9D88 000:181.861   CPU_WriteMem(4 bytes @ 0xE000EDFC)
T9D88 000:182.100   Reset: Halt core after reset via DEMCR.VC_CORERESET.
T9D88 000:182.401   Reset: Reset device via AIRCR.SYSRESETREQ.
T9D88 000:182.412   CPU_WriteMem(4 bytes @ 0xE000ED0C)
T9D88 000:235.247   CPU_ReadMem(4 bytes @ 0xE000EDF0)
T9D88 000:235.504   CPU_ReadMem(4 bytes @ 0xE000EDF0)
T9D88 000:235.875   CPU_WriteMem(4 bytes @ 0xE000EDFC)
T9D88 000:241.936   CPU_ReadMem(4 bytes @ 0xE000EDF0)
T9D88 000:245.228   CPU_WriteMem(4 bytes @ 0xE0002000)
T9D88 000:245.542   CPU_ReadMem(4 bytes @ 0xE000EDFC)
T9D88 000:245.834   CPU_ReadMem(4 bytes @ 0xE0001000)
T9D88 000:246.078   CPU_ReadMem(4 bytes @ 0xE000EE08)
T9D88 000:246.353 - 65.830ms 
T9D88 000:246.408 JLINK_ReadMem(0x010080F0, 0x10 Bytes, ...)
T9D88 000:246.419   CPU_ReadMem(16 bytes @ 0x010080F0)
T9D88 000:246.710   Data:  52 37 46 41 36 45 32 42 42 33 43 4E 45 20 20 20
T9D88 000:246.718 - 0.310ms returns 0
T9D88 000:246.728 JLINK_IsHalted()
T9D88 000:246.733 - 0.005ms returns TRUE
T9D88 000:247.002 JLINK_IsHalted()
T9D88 000:247.010 - 0.008ms returns TRUE
T9D88 000:247.020 JLINK_MeasureCPUSpeed(RAMAddr = 0x20000000)
T9D88 000:247.027   CPU_ReadMem(16 bytes @ 0x20000000)
T9D88 000:247.325   CPU_ReadMem(4 bytes @ 0xE000EDFC)
T9D88 000:247.563   CPU_ReadMem(4 bytes @ 0xE0001000)
T9D88 000:247.858   CPU_ReadMem(6 bytes @ 0x20000000)
T9D88 000:248.129   CPU_ReadMem(4 bytes @ 0xE000ED90)
T9D88 000:248.358   CPU_ReadMem(4 bytes @ 0xE000ED94)
T9D88 000:248.605   CPU_WriteMem(16 bytes @ 0x20000000)
T9D88 000:248.932   CPU_WriteMem(6 bytes @ 0x20000000)
T9D88 000:249.305   CPU_ReadMem(6 bytes @ 0x20000000)
T9D88 000:249.653   CPU_ReadMem(4 bytes @ 0xE000EE08)
T9D88 000:249.886   CPU_WriteMem(4 bytes @ 0xE0002008)
T9D88 000:249.895   CPU_WriteMem(4 bytes @ 0xE000200C)
T9D88 000:249.900   CPU_WriteMem(4 bytes @ 0xE0002010)
T9D88 000:249.906   CPU_WriteMem(4 bytes @ 0xE0002014)
T9D88 000:249.912   CPU_WriteMem(4 bytes @ 0xE0002018)
T9D88 000:249.918   CPU_WriteMem(4 bytes @ 0xE000201C)
T9D88 000:249.924   CPU_WriteMem(4 bytes @ 0xE0002020)
T9D88 000:249.930   CPU_WriteMem(4 bytes @ 0xE0002024)
T9D88 000:251.377   CPU_WriteMem(4 bytes @ 0xE0001004)
T9D88 000:256.871   CPU_ReadMem(4 bytes @ 0xE0001004)
T9D88 000:257.118   CPU_ReadMem(4 bytes @ 0xE000EE08)
T9D88 000:257.358   CPU_WriteMem(4 bytes @ 0xE0002008)
T9D88 000:257.624   CPU_WriteMem(4 bytes @ 0xE000200C)
T9D88 000:257.876   CPU_WriteMem(4 bytes @ 0xE0002010)
T9D88 000:258.150   CPU_WriteMem(4 bytes @ 0xE0002014)
T9D88 000:258.532   CPU_WriteMem(4 bytes @ 0xE0002018)
T9D88 000:258.832   CPU_WriteMem(4 bytes @ 0xE000201C)
T9D88 000:259.097   CPU_WriteMem(4 bytes @ 0xE0002020)
T9D88 000:259.365   CPU_WriteMem(4 bytes @ 0xE0002024)
T9D88 000:259.660   CPU_ReadMem(4 bytes @ 0xE000EE08)
T9D88 000:259.910   CPU_ReadMem(4 bytes @ 0xE000EE08)
T9D88 000:260.157   CPU_WriteMem(4 bytes @ 0xE0001004)
T9D88 000:286.139   CPU_ReadMem(4 bytes @ 0xE0001004)
T9D88 000:286.571   CPU_WriteMem(6 bytes @ 0x20000000)
T9D88 000:286.935   ClockFreq: 2071800 Hz
T9D88 000:286.950 - 39.929ms returns 2071800
T9D88 000:287.082 JLINK_ReadReg(XPSR)
T9D88 000:287.105   CPU_ReadMem(4 bytes @ 0xE000EE08)
T9D88 000:287.469 - 0.380ms returns 0xF9000000
TC170 002:580.437 JLINK_ResetPullsRESET(ON)
TC170 002:580.472 - 0.034ms 
TC170 002:580.479 JLINK_Halt()
TC170 002:580.910 - 0.430ms returns 0x00
TC170 002:580.931 JLINK_IsHalted()
TC170 002:580.937 - 0.006ms returns TRUE
TC170 002:580.942 JLINK_Reset()
TC170 002:580.956   JLINK_GetResetTypeDesc
TC170 002:580.961   - 0.005ms 
TC170 002:580.966   Reset type: CONNECT UNDER RESET (https://wiki.segger.com/J-Link_Reset_Strategies)
TC170 002:580.974   CPU_WriteMem(4 bytes @ 0xE000EDF0)
TC170 002:581.439   CPU_ReadMem(4 bytes @ 0xE000ED44)
TC170 002:581.791   CPU_ReadMem(4 bytes @ 0xE000EE08)
TC170 002:582.121   CPU_WriteMem(4 bytes @ 0xE000EE08)
TC170 002:582.446   CPU_ReadMem(4 bytes @ 0xE000EE08)
TC170 002:582.753   Reset: ARMv8M core with Security Extension enabled detected. Switch to secure domain.
TC170 002:582.769   CPU_WriteMem(4 bytes @ 0xE000EDFC)
TC170 002:583.106   Reset: Halt core after reset via DEMCR.VC_CORERESET.
TC170 002:583.489   Reset: Reset device via AIRCR.SYSRESETREQ.
TC170 002:583.506   CPU_WriteMem(4 bytes @ 0xE000ED0C)
TC170 002:637.656   CPU_ReadMem(4 bytes @ 0xE000EDF0)
TC170 002:638.081   CPU_ReadMem(4 bytes @ 0xE000EDF0)
TC170 002:638.398   CPU_WriteMem(4 bytes @ 0xE000EDFC)
TC170 002:644.009   CPU_ReadMem(4 bytes @ 0xE000EDF0)
TC170 002:647.384   CPU_WriteMem(4 bytes @ 0xE0002000)
TC170 002:647.728   CPU_ReadMem(4 bytes @ 0xE000EDFC)
TC170 002:648.062   CPU_ReadMem(4 bytes @ 0xE0001000)
TC170 002:648.303   CPU_ReadMem(4 bytes @ 0xE000EE08)
TC170 002:648.631 - 67.687ms 
TC170 002:648.656 JLINK_SetEndian(ARM_ENDIAN_LITTLE)
TC170 002:648.661 - 0.005ms returns 0
TC170 002:648.802 JLINK_BeginDownload(Flags = 0x00000000)
TC170 002:648.809 - 0.007ms 
TC170 002:681.214 JLINK_WriteMem(0x00000000, 0x6C Bytes, ...)
TC170 002:681.276   Data:  E0 15 00 20 01 2A 00 00 41 28 00 00 FD 29 00 00 ...
TC170 002:683.140   completely In flash
TC170 002:683.211 - 1.998ms returns 0x6C
TC170 002:684.377 JLINK_WriteMem(0x0000006C, 0x1D8 Bytes, ...)
TC170 002:684.433   Data:  F6 28 DE 42 01 00 00 00 40 00 35 00 40 00 35 00 ...
TC170 002:684.472   completely In flash
TC170 002:684.501 - 0.124ms returns 0x1D8
TC170 002:686.139 JLINK_WriteMem(0x00000248, 0xBC8 Bytes, ...)
TC170 002:686.194   Data:  03 48 04 4B 83 42 02 D0 03 4B 03 B1 18 47 70 47 ...
TC170 002:686.230   completely In flash
TC170 002:686.258 - 0.120ms returns 0xBC8
TC170 002:687.578 JLINK_WriteMem(0x00000E10, 0xBC0 Bytes, ...)
TC170 002:687.630   Data:  BD FD 00 21 02 20 FF F7 B9 FD 00 21 8D 20 FF F7 ...
TC170 002:687.683   completely In flash
TC170 002:687.715 - 0.138ms returns 0xBC0
TC170 002:688.996 JLINK_WriteMem(0x000019D0, 0xBB0 Bytes, ...)
TC170 002:689.045   Data:  03 03 02 2B 03 6A 0C BF 19 8A 59 79 93 F8 04 C0 ...
TC170 002:689.082   completely In flash
TC170 002:689.109 - 0.114ms returns 0xBB0
TC170 002:690.214 JLINK_WriteMem(0x00002580, 0xBC0 Bytes, ...)
TC170 002:690.278   Data:  F0 33 19 70 1A 70 22 6B A3 6B 40 32 01 3B 22 63 ...
TC170 002:690.328   completely In flash
TC170 002:690.369 - 0.156ms returns 0xBC0
TC170 002:691.544 JLINK_WriteMem(0x00003140, 0xB90 Bytes, ...)
TC170 002:691.599   Data:  30 22 03 9B 4B 45 1E D3 03 9B 28 46 0E 9A 5B 1B ...
TC170 002:691.635   completely In flash
TC170 002:691.664 - 0.121ms returns 0xB90
TC170 002:692.828 JLINK_WriteMem(0x00003CD0, 0xB80 Bytes, ...)
TC170 002:692.876   Data:  01 F0 6C FD 00 28 D9 D0 D6 E7 00 00 38 B5 29 4B ...
TC170 002:692.904   completely In flash
TC170 002:692.930 - 0.102ms returns 0xB80
TC170 002:693.777 JLINK_WriteMem(0x00004850, 0xBC0 Bytes, ...)
TC170 002:693.817   Data:  E3 1A 0A 94 00 24 1A 44 03 9B 0F 92 2A E7 0A 9C ...
TC170 002:693.865   completely In flash
TC170 002:693.887 - 0.110ms returns 0xBC0
TC170 002:694.841 JLINK_WriteMem(0x00005410, 0xBC0 Bytes, ...)
TC170 002:694.880   Data:  2F FD C0 EB 42 10 E5 E7 7F 7C 00 00 90 7C 00 00 ...
TC170 002:694.904   completely In flash
TC170 002:694.926 - 0.085ms returns 0xBC0
TC170 002:695.580 JLINK_WriteMem(0x00005FD0, 0xBF0 Bytes, ...)
TC170 002:695.620   Data:  72 6C 64 21 0D 00 00 00 43 61 6C 69 62 72 61 74 ...
TC170 002:695.690   completely In flash
TC170 002:695.713 - 0.133ms returns 0xBF0
TC170 002:696.630 JLINK_WriteMem(0x00006BC0, 0xBC0 Bytes, ...)
TC170 002:696.663   Data:  04 0C 0C 00 10 10 10 1F 1F 10 10 10 00 00 00 00 ...
TC170 002:696.682   completely In flash
TC170 002:696.700 - 0.070ms returns 0xBC0
TC170 002:697.211 JLINK_WriteMem(0x00007780, 0x7DC Bytes, ...)
TC170 002:697.242   Data:  03 01 00 00 60 80 E0 80 60 00 00 03 00 03 00 00 ...
TC170 002:697.272   completely In flash
TC170 002:697.292 - 0.081ms returns 0x7DC
TC170 002:697.726 JLINK_WriteMem(0x00007F5C, 0x4 Bytes, ...)
TC170 002:697.756   Data:  F8 B5 00 BF
TC170 002:697.776   completely In flash
TC170 002:697.792 - 0.066ms returns 0x4
TC170 002:698.341 JLINK_WriteMem(0x00007F60, 0x4 Bytes, ...)
TC170 002:698.372   Data:  F8 B5 00 BF
TC170 002:698.392   completely In flash
TC170 002:698.408 - 0.067ms returns 0x4
TC170 002:698.997 JLINK_WriteMem(0x00007F64, 0x4 Bytes, ...)
TC170 002:699.028   Data:  B5 02 00 00
TC170 002:699.047   completely In flash
TC170 002:699.063 - 0.067ms returns 0x4
TC170 002:699.560 JLINK_WriteMem(0x00007F68, 0x4 Bytes, ...)
TC170 002:699.591   Data:  8D 02 00 00
TC170 002:699.610   completely In flash
TC170 002:699.627 - 0.067ms returns 0x4
TC170 002:699.948 JLINK_WriteMem(0x00007F6C, 0x8 Bytes, ...)
TC170 002:699.961   Data:  08 BF FF 7F 01 00 00 00
TC170 002:699.969   completely In flash
TC170 002:699.975 - 0.027ms returns 0x8
TC170 002:700.599 JLINK_WriteMem(0x0100A100, 0x4 Bytes, ...)
TC170 002:700.630   Data:  FF FF FF FF
TC170 002:701.265   completely In flash
TC170 002:701.289 - 0.690ms returns 0x4
TC170 002:702.089 JLINK_WriteMem(0x0100A200, 0x4 Bytes, ...)
TC170 002:702.115   Data:  FF FD FF FF
TC170 002:702.124   completely In flash
TC170 002:702.130 - 0.041ms returns 0x4
TC170 002:721.803 JLINK_EndDownload()
TC170 002:722.392   CPU_ReadMem(4 bytes @ 0xE000ED90)
TC170 002:722.759   CPU_ReadMem(4 bytes @ 0xE000ED94)
TC170 002:723.096    -- --------------------------------------
TC170 002:723.111    -- Start of determining flash info (Bank @ 0x0100A100)
TC170 002:723.125    -- End of determining flash info
TC170 002:723.132    -- Start of determining dirty areas in flash cache
TC170 002:723.356    -- Filling invalid ranges in sector buffer (flash cache) for sector @ 0x0100A100 if necessary
TC170 002:723.382    -- Filling invalid ranges in sector buffer (flash cache) for sector @ 0x0100A200 if necessary
TC170 002:723.390    -- End of determining dirty areas
TC170 002:723.397    -- Start of preparing flash programming
TC170 002:723.602    -- Preparing RAMCode
TC170 002:723.617    -- Calculating RAM usage
TC170 002:723.816    -- RAM usage = 4392 Bytes
TC170 002:723.830    -- Preserving CPU registers
TC170 002:724.550    -- Preparing memory
TC170 002:724.574    -- Determining CPU clock frequency
TC170 002:763.528    -- CPU frequency = 2070 kHz
TC170 002:763.565    -- Preparing target
TC170 002:763.574    -- Preserving target RAM temporarily used for programming
TC170 002:783.138    -- Downloading RAMCode
TC170 002:807.642    -- Initializing RAMCode (InitType: 3 = Verify)
TC170 002:807.731    -- Executing Init(3)
TC170 002:820.176    -- End of preparing flash programming
TC170 002:842.508   
  ***** Warning: 
TC170 002:842.531   CPU is running at low speed (2070 kHz).
TC170 002:842.537    -- CPU is running at 2070 kHz.
TC170 002:842.545    -- Start of comparing flash
TC170 002:842.552    -- Flash algorithm supports a native verify function which is used to compare the flash content.
TC170 003:001.522    -- Comparing range 0x100A100 - 0x100A10F (1 Sector, 16 Bytes), using verify function of the RAMCode
TC170 003:002.615    -- Data matches for sector 0
TC170 003:004.099    -- Comparing range 0x100A200 - 0x100A20F (1 Sector, 16 Bytes), using verify function of the RAMCode
TC170 003:005.074    -- Data matches for sector 16
TC170 003:005.114    -- End of comparing flash
TC170 003:005.124    -- Start of erasing sectors
TC170 003:005.130    -- End of erasing sectors
TC170 003:005.137    -- Start of flash programming
TC170 003:005.144    -- End of flash programming
TC170 003:005.150    -- Start of verifying flash
TC170 003:005.157    -- End of verifying flash
TC170 003:005.163    -- Start of restoring
TC170 003:005.170    -- Executing UnInit()
TC170 003:009.608    -- Restoring target memory
TC170 003:027.539    -- Restoring CPU registers
TC170 003:027.928    -- End of restoring
TC170 003:027.955    -- Bank 0 @ 0x0100A100: Skipped. Contents already match
TC170 003:027.964    -- Bank 0 @ 0x0100A100: Skipped. Contents already match
TC170 003:040.608    -- --------------------------------------
TC170 003:040.657    -- Flash bank @ 0x00000000: Default: L2 verify disabled because algorithm performs L1 verify
TC170 003:040.665    -- Start of determining dirty areas in flash cache
TC170 003:040.690    -- Filling invalid ranges in sector buffer (flash cache) for sector @ 0x00000000 if necessary
TC170 003:040.698    -- Filling invalid ranges in sector buffer (flash cache) for sector @ 0x00002000 if necessary
TC170 003:040.706    -- Filling invalid ranges in sector buffer (flash cache) for sector @ 0x00004000 if necessary
TC170 003:040.714    -- Filling invalid ranges in sector buffer (flash cache) for sector @ 0x00006000 if necessary
TC170 003:040.760    -- End of determining dirty areas
TC170 003:040.785    -- Start of preparing flash programming
TC170 003:040.794    -- Calculating RAM usage
TC170 003:046.533    -- RAM usage = 4516 Bytes
TC170 003:046.570    -- Preserving CPU registers
TC170 003:046.636    -- Determining CPU clock frequency
TC170 003:084.115    -- Preparing target
TC170 003:084.139    -- Preserving target RAM temporarily used for programming
TC170 003:104.235    -- Downloading RAMCode
TC170 003:124.112    -- Preparing RAMCode
TC170 003:133.745    -- CPU frequency = 100000 kHz
TC170 003:133.778    -- End of preparing flash programming
TC170 003:135.306    -- CPU is running at 100000 kHz.
TC170 003:135.352    -- Start of comparing flash
TC170 003:135.360    -- CRC check was estimated as fastest method
TC170 003:186.529    -- Comparing range 0x0000 - 0x7FFF (4 Sectors, 32 KB), using multi-block CRC calculation
TC170 003:203.839    -- CRC does not match for sector 0
TC170 003:204.029    -- Comparing range 0x2000 - 0x7FFF (3 Sectors, 24 KB), using alternative multi-block CRC calculation
TC170 003:216.360    -- All CRCs match
TC170 003:216.399    -- End of comparing flash
TC170 003:216.412    -- Start of erasing sectors
TC170 003:216.424    -- Erasing range 0x00000000 - 0x00001FFF (  1 Sector, 8 KB)
TC170 003:259.010    -- End of erasing sectors
TC170 003:259.099    -- Start of flash programming
TC170 003:259.119    -- Programming range 0x00000000 - 0x00001FFF (  1 Sector, 8 KB)
TC170 003:319.767    -- End of flash programming
TC170 003:319.798    -- 0x0000 - 0x1FFF (  1 Sector, 8 KB)
TC170 003:319.807    -- Start of restoring
TC170 003:319.814    -- Restoring RAMCode
TC170 003:334.672    -- Restoring target memory
TC170 003:353.314    -- Restore target
TC170 003:353.347    -- Restoring CPU registers
TC170 003:353.744    -- End of restoring
TC170 003:353.763    -- Bank 1 @ 0x00000000: 1 range affected (8192 bytes)
TC170 003:353.772    -- Total: 0.312s (Prepare: 0.094s, Compare: 0.081s, Erase: 0.042s, Program & Verify: 0.070s, Restore: 0.024s)
TC170 003:353.780    -- Program & Verify speed: 114 KB/s
TC170 003:375.149 - 653.345ms returns 8192 (0x2000)
TC170 003:375.783 JLINK_WriteReg(R15 (PC), 0x00002A00)
TC170 003:375.828 - 0.045ms returns 0
TC170 003:375.840 JLINK_WriteReg(XPSR, 0x01000000)
TC170 003:375.846 - 0.005ms returns 0
TC170 003:377.010 JLINK_ResetPullsRESET(ON)
TC170 003:377.040 - 0.030ms 
TC170 003:377.048 JLINK_Halt()
TC170 003:377.448 - 0.399ms returns 0x00
TC170 003:377.475 JLINK_IsHalted()
TC170 003:377.483 - 0.008ms returns TRUE
TC170 003:377.488 JLINK_Reset()
TC170 003:377.511   JLINK_GetResetTypeDesc
TC170 003:377.516   - 0.004ms 
TC170 003:377.521   Reset type: CONNECT UNDER RESET (https://wiki.segger.com/J-Link_Reset_Strategies)
TC170 003:377.529   CPU_WriteMem(4 bytes @ 0xE000EDF0)
TC170 003:377.865   CPU_ReadMem(4 bytes @ 0xE000ED44)
TC170 003:378.163   CPU_ReadMem(4 bytes @ 0xE000EE08)
TC170 003:378.511   CPU_WriteMem(4 bytes @ 0xE000EE08)
TC170 003:378.886   CPU_ReadMem(4 bytes @ 0xE000EE08)
TC170 003:379.207   Reset: ARMv8M core with Security Extension enabled detected. Switch to secure domain.
TC170 003:379.229   CPU_WriteMem(4 bytes @ 0xE000EDFC)
TC170 003:379.523   Reset: Halt core after reset via DEMCR.VC_CORERESET.
TC170 003:379.921   Reset: Reset device via AIRCR.SYSRESETREQ.
TC170 003:379.946   CPU_WriteMem(4 bytes @ 0xE000ED0C)
TC170 003:432.709   CPU_ReadMem(4 bytes @ 0xE000EDF0)
TC170 003:433.056   CPU_ReadMem(4 bytes @ 0xE000EDF0)
TC170 003:433.330   CPU_WriteMem(4 bytes @ 0xE000EDFC)
TC170 003:439.021   CPU_ReadMem(4 bytes @ 0xE000EDF0)
TC170 003:442.244   CPU_WriteMem(4 bytes @ 0xE0002000)
TC170 003:442.514   CPU_ReadMem(4 bytes @ 0xE000EDFC)
TC170 003:442.750   CPU_ReadMem(4 bytes @ 0xE0001000)
TC170 003:443.010   CPU_ReadMem(4 bytes @ 0xE000EE08)
TC170 003:443.257 - 65.768ms 
TC170 003:443.280 JLINK_SetEndian(ARM_ENDIAN_LITTLE)
TC170 003:443.285 - 0.004ms returns 0
TC170 003:476.182 JLINK_ReadMem(0x00002A00, 0x4 Bytes, ...)
TC170 003:476.209    -- Read from flash cache (4 bytes @ 0x00002A00)
TC170 003:476.216   Data:  08 B5 00 F0
TC170 003:476.223 - 0.041ms returns 0
TC170 003:512.822 JLINK_ReadMem(0x00002A00, 0x4 Bytes, ...)
TC170 003:512.888    -- Read from flash cache (4 bytes @ 0x00002A00)
TC170 003:512.896   Data:  08 B5 00 F0
TC170 003:512.909 - 0.101ms returns 0
TC170 003:575.882 JLINK_GetNumBPUnits(Type = 0xFFFFFF00)
TC170 003:575.944 - 0.063ms returns 0x08
TC170 003:575.950 JLINK_GetNumWPUnits()
TC170 003:575.954 - 0.004ms returns 4
TC170 003:575.968 JLINK_GetNumBPUnits(Type = 0xFFFFFF00)
TC170 003:575.986 - 0.018ms returns 0x08
TC170 003:575.991 JLINK_GetNumWPUnits()
TC170 003:575.995 - 0.004ms returns 4
TC170 003:576.002 JLINK_GetNumBPUnits(Type = 0xFFFFFF00)
TC170 003:576.038 - 0.035ms returns 0x08
TC170 003:576.048 JLINK_GetNumWPUnits()
TC170 003:576.052 - 0.004ms returns 4
TC170 003:576.659 JLINK_SetBPEx(Addr = 0x00001420, Type = 0xFFFFFF00)
TC170 003:576.677 - 0.018ms returns 0x00000001
TC170 003:576.686 JLINK_ClrBPEx(BPHandle = 0x00000001)
TC170 003:576.691 - 0.005ms returns 0x00
TC170 003:580.512 JLINK_ReadMem(0x00001400, 0x40 Bytes, ...)
TC170 003:580.567    -- Read from flash cache (64 bytes @ 0x00001400)
TC170 003:580.574   Data:  D3 4D 62 10 FF F7 CE BD 02 28 00 D0 70 47 02 49 ...
TC170 003:580.581 - 0.070ms returns 0
TC170 003:582.739 JLINK_ReadMem(0x00001420, 0x2 Bytes, ...)
TC170 003:582.765    -- Read from flash cache (2 bytes @ 0x00001420)
TC170 003:582.772   Data:  08 B5
TC170 003:582.780 - 0.041ms returns 0
TC170 003:583.095 JLINK_SetBPEx(Addr = 0x00001420, Type = 0xFFFFFF00)
TC170 003:583.111 - 0.017ms returns 0x00000002
TC170 003:749.464 JLINK_ReadRegs(NumRegs = 22)
TC170 003:749.531   CPU_ReadMem(4 bytes @ 0xE000EE08)
TC170 003:749.933   
  R0 (0)        = 0x00                 R1 (1)        = 0x00                 R2 (2)        = 0x00                 R3 (3)        = 0x00              
  R4 (4)        = 0x00                 R5 (5)        = 0x00                 R6 (6)        = 0x00                 R7 (7)        = 0x00              
  R8 (8)        = 0xDFFFEA50           R9 (9)        = 0xB3E93128           R10 (10)      = 0x29AD27EB           R11 (11)      = 0x152D1E02        
  R12 (12)      = 0x20007898           R13 (SP) (13) = 0x200015E0           R14 (14)      = 0xFFFFFFFF           R15 (PC) (15) = 0x2A00            
  XPSR (16)     = 0xF9000000           MSP (17)      = 0x200015E0           PSP (18)      = 0x00                 MSPLIM (86)   = 0x00              
  PSPLIM (87)   = 0x00                 CFBP (20)     = 0x00              
TC170 003:749.963 - 0.499ms returns 0x00
TC170 003:751.162 JLINK_ReadMem(0x00002A00, 0x4 Bytes, ...)
TC170 003:751.213    -- Read from flash cache (4 bytes @ 0x00002A00)
TC170 003:751.220   Data:  08 B5 00 F0
TC170 003:751.228 - 0.067ms returns 0
TC6E0 003:772.494 JLINK_GetNumBPUnits(Type = 0xFFFFFF00)
TC6E0 003:772.519 - 0.025ms returns 0x08
TC6E0 003:772.524 JLINK_GetNumWPUnits()
TC6E0 003:772.528 - 0.004ms returns 4
TC6E0 003:772.781 JLINK_GetNumBPUnits(Type = 0xFFFFFF00)
TC6E0 003:772.812 - 0.030ms returns 0x08
TC6E0 003:772.817 JLINK_GetNumWPUnits()
TC6E0 003:772.821 - 0.004ms returns 4
TC6E0 003:773.138 JLINK_GetNumBPUnits(Type = 0xFFFFFF00)
TC6E0 003:773.164 - 0.026ms returns 0x08
TC6E0 003:773.170 JLINK_GetNumWPUnits()
TC6E0 003:773.184 - 0.013ms returns 4
TC6E0 003:773.727 JLINK_GetNumBPUnits(Type = 0xFFFFFF00)
TC6E0 003:773.745 - 0.017ms returns 0x08
TC6E0 003:773.750 JLINK_GetNumWPUnits()
TC6E0 003:773.761 - 0.010ms returns 4
TC6E0 003:775.207 JLINK_GetNumBPUnits(Type = 0xFFFFFF00)
TC6E0 003:775.231 - 0.024ms returns 0x08
TC6E0 003:775.237 JLINK_GetNumWPUnits()
TC6E0 003:775.241 - 0.004ms returns 4
TC6E0 003:775.638 JLINK_ReadReg(XPSR)
TC6E0 003:775.670 - 0.031ms returns 0xF9000000
TC6E0 003:775.677 JLINK_ReadReg(R15 (PC))
TC6E0 003:775.682 - 0.005ms returns 0x00002A00
TC6E0 003:776.384 JLINK_GetNumBPUnits(Type = 0xFFFFFF00)
TC6E0 003:776.401 - 0.018ms returns 0x08
TC6E0 003:776.406 JLINK_GetNumWPUnits()
TC6E0 003:776.412 - 0.004ms returns 4
TC6E0 003:776.813 JLINK_GetNumBPUnits(Type = 0xFFFFFF00)
TC6E0 003:776.826 - 0.013ms returns 0x08
TC6E0 003:776.831 JLINK_GetNumWPUnits()
TC6E0 003:776.836 - 0.004ms returns 4
TC6E0 003:777.092 JLINK_GetNumBPUnits(Type = 0xFFFFFF00)
TC6E0 003:777.109 - 0.016ms returns 0x08
TC6E0 003:777.128 JLINK_GetNumWPUnits()
TC6E0 003:777.132 - 0.004ms returns 4
TC170 004:025.432 JLINK_ReadMem(0x00002A00, 0x4 Bytes, ...)
TC170 004:025.477    -- Read from flash cache (4 bytes @ 0x00002A00)
TC170 004:025.486   Data:  08 B5 00 F0
TC170 004:025.494 - 0.062ms returns 0
TC170 006:762.762 JLINK_STRACE_Read(..., NumItems = 0x10000)
TC170 006:763.333   Initializing trace type buffer with configured Coresight trace components (* indicates set/detected address):
TC170 006:763.617    *TF:   0xE0047000
TC170 006:763.635    *TMC:  0xE0048000
TC170 006:763.640     ETB:  0x00000000
TC170 006:763.645     MTB:  0x00000000
TC170 006:763.649    *TPIU: 0xE0040000
TC170 006:763.653    *ETM:  0xE0041000
TC170 006:763.657     STM:  0x00000000
TC170 006:763.662     PTM:  0x00000000
TC170 006:763.937 - 1.174ms NumItemsRead = 0x00
TC170 006:763.976 JLINK_IsHalted()
TC170 006:764.303 - 0.327ms returns TRUE
TC170 006:764.326 JLINK_STRACE_Read(..., NumItems = 0x10000)
TC170 006:764.334 - 0.008ms NumItemsRead = 0x00
TC170 006:764.346 JLINK_GoEx(MaxEmulInsts = 0, Flags = 0x01)
TC170 006:764.379   CPU_WriteMem(4 bytes @ 0xE0002000)
TC170 006:764.716   CPU_ReadMem(4 bytes @ 0xE0001000)
TC170 006:765.069   CPU_WriteMem(4 bytes @ 0xE0002008)
TC170 006:765.089   CPU_WriteMem(4 bytes @ 0xE000200C)
TC170 006:765.095   CPU_WriteMem(4 bytes @ 0xE0002010)
TC170 006:765.101   CPU_WriteMem(4 bytes @ 0xE0002014)
TC170 006:765.108   CPU_WriteMem(4 bytes @ 0xE0002018)
TC170 006:765.113   CPU_WriteMem(4 bytes @ 0xE000201C)
TC170 006:765.120   CPU_WriteMem(4 bytes @ 0xE0002020)
TC170 006:765.125   CPU_WriteMem(4 bytes @ 0xE0002024)
TC170 006:766.661   CPU_WriteMem(4 bytes @ 0xE0001004)
TC170 006:767.957   Memory map 'after startup completion point' is active
TC170 006:767.997 - 3.649ms 
TC170 006:868.056 JLINK_IsHalted()
TC170 006:871.033 - 2.976ms returns TRUE
TC170 006:871.107 JLINK_ReadReg(XPSR)
TC170 006:871.117   CPU_ReadMem(4 bytes @ 0xE000EE08)
TC170 006:871.501 - 0.393ms returns 0x69000000
TC170 006:871.520 JLINK_ReadReg(R15 (PC))
TC170 006:871.528 - 0.008ms returns 0x00001420
TC170 006:871.538 JLINK_ReadReg(XPSR)
TC170 006:871.544 - 0.004ms returns 0x69000000
TC170 006:871.549 JLINK_ReadReg(XPSR)
TC170 006:871.553 - 0.004ms returns 0x69000000
TC170 006:871.558 JLINK_ReadReg(R15 (PC))
TC170 006:871.563 - 0.004ms returns 0x00001420
TC170 006:871.568 JLINK_ReadReg(XPSR)
TC170 006:871.573 - 0.005ms returns 0x69000000
TC170 006:871.593 JLINK_ReadReg(XPSR)
TC170 006:871.597 - 0.004ms returns 0x69000000
TC170 006:871.603 JLINK_ReadMem(0x00001420, 0x1 Bytes, ...)
TC170 006:871.609    -- Read from flash cache (1 bytes @ 0x00001420)
TC170 006:871.616   Data:  08
TC170 006:871.623 - 0.019ms returns 0
TC170 006:871.629 JLINK_IsHalted()
TC170 006:871.649 - 0.020ms returns TRUE
TC170 006:871.653 JLINK_ReadReg(XPSR)
TC170 006:871.658 - 0.004ms returns 0x69000000
TC170 006:871.663 JLINK_ReadReg(XPSR)
TC170 006:871.668 - 0.004ms returns 0x69000000
TC170 006:871.673 JLINK_ReadReg(R15 (PC))
TC170 006:871.692 - 0.019ms returns 0x00001420
TC170 006:871.697 JLINK_ReadReg(XPSR)
TC170 006:871.701 - 0.004ms returns 0x69000000
TC170 006:871.706 JLINK_ReadReg(XPSR)
TC170 006:871.710 - 0.004ms returns 0x69000000
TC170 006:871.716 JLINK_ReadMem(0x00001420, 0x1 Bytes, ...)
TC170 006:871.720    -- Read from flash cache (1 bytes @ 0x00001420)
TC170 006:871.725   Data:  08
TC170 006:871.731 - 0.015ms returns 0
TC170 006:871.809 JLINK_IsHalted()
TC170 006:871.815 - 0.006ms returns TRUE
TC170 006:871.821 JLINK_ReadReg(XPSR)
TC170 006:871.840 - 0.019ms returns 0x69000000
TC170 006:871.861 JLINK_ReadReg(R15 (PC))
TC170 006:871.865 - 0.004ms returns 0x00001420
TC170 006:871.871 JLINK_ReadReg(XPSR)
TC170 006:871.876 - 0.004ms returns 0x69000000
TC170 006:871.881 JLINK_ReadReg(XPSR)
TC170 006:871.900 - 0.019ms returns 0x69000000
TC170 006:871.905 JLINK_ReadReg(R15 (PC))
TC170 006:871.909 - 0.004ms returns 0x00001420
TC170 006:871.914 JLINK_ReadReg(XPSR)
TC170 006:871.918 - 0.004ms returns 0x69000000
TC170 006:871.923 JLINK_ReadReg(XPSR)
TC170 006:871.960 - 0.036ms returns 0x69000000
TC170 006:871.965 JLINK_ReadMem(0x00001420, 0x1 Bytes, ...)
TC170 006:871.969    -- Read from flash cache (1 bytes @ 0x00001420)
TC170 006:871.975   Data:  08
TC170 006:871.981 - 0.016ms returns 0
TC170 006:871.985 JLINK_IsHalted()
TC170 006:871.989 - 0.003ms returns TRUE
TC170 006:872.010 JLINK_ReadReg(XPSR)
TC170 006:872.015 - 0.004ms returns 0x69000000
TC170 006:872.020 JLINK_ReadReg(XPSR)
TC170 006:872.044 - 0.023ms returns 0x69000000
TC170 006:872.053 JLINK_ReadReg(R15 (PC))
TC170 006:872.058 - 0.005ms returns 0x00001420
TC170 006:872.080 JLINK_ReadReg(XPSR)
TC170 006:872.084 - 0.004ms returns 0x69000000
TC170 006:872.089 JLINK_ReadReg(XPSR)
TC170 006:872.093 - 0.004ms returns 0x69000000
TC170 006:872.113 JLINK_ReadMem(0x00001420, 0x1 Bytes, ...)
TC170 006:872.117    -- Read from flash cache (1 bytes @ 0x00001420)
TC170 006:872.123   Data:  08
TC170 006:872.129 - 0.015ms returns 0
TC170 006:872.976 JLINK_ReadRegs(NumRegs = 22)
TC170 006:873.017   
  R0 (0)        = 0x00                 R1 (1)        = 0xCA                 R2 (2)        = 0x30                 R3 (3)        = 0x0B              
  R4 (4)        = 0x00                 R5 (5)        = 0x00                 R6 (6)        = 0x00                 R7 (7)        = 0x00              
  R8 (8)        = 0xDFFFEA50           R9 (9)        = 0xB3E93128           R10 (10)      = 0x29AD27EB           R11 (11)      = 0x152D1E02        
  R12 (12)      = 0x400                R13 (SP) (13) = 0x200015D8           R14 (14)      = 0x2A0B               R15 (PC) (15) = 0x1420            
  XPSR (16)     = 0x69000000           MSP (17)      = 0x200015D8           PSP (18)      = 0x00                 MSPLIM (86)   = 0x200011E0        
  PSPLIM (87)   = 0x00                 CFBP (20)     = 0x00              
TC170 006:873.024 - 0.048ms returns 0x00
TC170 006:874.280 JLINK_ReadMem(0x00001420, 0x4 Bytes, ...)
TC170 006:874.313    -- Read from flash cache (4 bytes @ 0x00001420)
TC170 006:874.321   Data:  08 B5 FF F7
TC170 006:874.329 - 0.048ms returns 0
TC170 006:875.245 JLINK_ClrBPEx(BPHandle = 0x00000002)
TC170 006:875.291 - 0.045ms returns 0x00
TC170 006:901.574 JLINK_ReadMem(0x00001420, 0x4 Bytes, ...)
TC170 006:901.684    -- Read from flash cache (4 bytes @ 0x00001420)
TC170 006:901.692   Data:  08 B5 FF F7
TC170 006:901.713 - 0.139ms returns 0
TC170 007:465.669 JLINK_STRACE_Read(..., NumItems = 0x10000)
TC170 007:465.712 - 0.043ms NumItemsRead = 0x00
TC170 007:465.721 JLINK_IsHalted()
TC170 007:466.015 - 0.293ms returns TRUE
TC170 007:466.032 JLINK_STRACE_Read(..., NumItems = 0x10000)
TC170 007:466.037 - 0.005ms NumItemsRead = 0x00
TC170 007:466.044 JLINK_GoEx(MaxEmulInsts = 0, Flags = 0x01)
TC170 007:466.061   CPU_ReadMem(4 bytes @ 0xE0001000)
TC170 007:466.437   CPU_WriteMem(4 bytes @ 0xE0002008)
TC170 007:467.109 - 1.064ms 
TC170 007:570.741 JLINK_IsHalted()
TC170 007:571.242 - 0.501ms returns FALSE
TC170 007:571.264 JLINK_IsHalted()
TC170 007:571.656 - 0.390ms returns FALSE
TC170 007:679.971 JLINK_IsHalted()
TC170 007:680.288 - 0.315ms returns FALSE
TC170 007:680.325 JLINK_IsHalted()
TC170 007:680.621 - 0.296ms returns FALSE
TC170 007:789.831 JLINK_IsHalted()
TC170 007:790.277 - 0.445ms returns FALSE
TC170 007:790.295 JLINK_IsHalted()
TC170 007:790.557 - 0.260ms returns FALSE
TC170 007:899.616 JLINK_IsHalted()
TC170 007:900.319 - 0.699ms returns FALSE
TC170 007:900.418 JLINK_IsHalted()
TC170 007:900.963 - 0.542ms returns FALSE
TC170 008:008.029 JLINK_IsHalted()
TC170 008:008.465 - 0.436ms returns FALSE
TC170 008:008.493 JLINK_IsHalted()
TC170 008:008.945 - 0.448ms returns FALSE
TC170 008:117.941 JLINK_IsHalted()
TC170 008:118.653 - 0.709ms returns FALSE
TC170 008:118.740 JLINK_IsHalted()
TC170 008:119.299 - 0.556ms returns FALSE
TC170 008:227.363 JLINK_IsHalted()
TC170 008:227.988 - 0.622ms returns FALSE
TC170 008:228.089 JLINK_IsHalted()
TC170 008:228.655 - 0.563ms returns FALSE
TC170 008:336.576 JLINK_IsHalted()
TC170 008:337.385 - 0.807ms returns FALSE
TC170 008:337.470 JLINK_IsHalted()
TC170 008:338.030 - 0.557ms returns FALSE
TC170 008:446.570 JLINK_IsHalted()
TC170 008:447.210 - 0.637ms returns FALSE
TC170 008:447.294 JLINK_IsHalted()
TC170 008:447.868 - 0.571ms returns FALSE
TC170 008:555.230 JLINK_IsHalted()
TC170 008:555.922 - 0.690ms returns FALSE
TC170 008:556.000 JLINK_IsHalted()
TC170 008:556.498 - 0.496ms returns FALSE
TC170 008:664.299 JLINK_IsHalted()
TC170 008:664.804 - 0.504ms returns FALSE
TC170 008:664.844 JLINK_IsHalted()
TC170 008:665.310 - 0.465ms returns FALSE
TC170 008:774.062 JLINK_IsHalted()
TC170 008:774.744 - 0.680ms returns FALSE
TC170 008:774.811 JLINK_IsHalted()
TC170 008:775.296 - 0.483ms returns FALSE
TC6E0 008:878.638 JLINK_ReadReg(XPSR)
TC6E0 008:879.187   CPU is running
TC6E0 008:881.018   
  ***** Error: 
TC6E0 008:881.049   Cannot read register 16 (XPSR) while CPU is running
TC6E0 008:881.058 - 2.419ms returns 0x00000000
TC6E0 008:881.071 JLINK_ReadReg(R15 (PC))
TC6E0 008:881.536   CPU is running
TC6E0 008:881.574   
  ***** Error: 
TC6E0 008:881.581   Cannot read register 15 (R15) while CPU is running
TC6E0 008:881.589 - 0.518ms returns 0x00000000
TC6E0 008:882.368 JLINK_IsHalted()
TC6E0 008:882.878 - 0.510ms returns FALSE
TC6E0 008:882.893 JLINK_IsHalted()
TC6E0 008:883.261 - 0.367ms returns FALSE
TC6E0 008:883.558 JLINK_IsHalted()
TC6E0 008:884.015 - 0.454ms returns FALSE
TC6E0 008:884.079 JLINK_IsHalted()
TC6E0 008:884.758 - 0.675ms returns FALSE
TC170 008:885.002 JLINK_IsHalted()
TC170 008:885.576 - 0.572ms returns FALSE
TC170 008:885.637 JLINK_IsHalted()
TC170 008:886.109 - 0.469ms returns FALSE
TC170 008:992.478 JLINK_IsHalted()
TC170 008:992.922 - 0.443ms returns FALSE
TC170 008:992.938 JLINK_IsHalted()
TC170 008:993.314 - 0.374ms returns FALSE
TC170 009:101.877 JLINK_IsHalted()
TC170 009:102.646 - 0.768ms returns FALSE
TC170 009:102.733 JLINK_IsHalted()
TC170 009:103.312 - 0.577ms returns FALSE
TC170 009:211.242 JLINK_IsHalted()
TC170 009:211.718 - 0.476ms returns FALSE
TC170 009:211.744 JLINK_IsHalted()
TC170 009:212.191 - 0.446ms returns FALSE
TC170 009:320.838 JLINK_IsHalted()
TC170 009:321.291 - 0.453ms returns FALSE
TC170 009:321.317 JLINK_IsHalted()
TC170 009:321.694 - 0.376ms returns FALSE
TC170 009:430.765 JLINK_IsHalted()
TC170 009:431.499 - 0.731ms returns FALSE
TC170 009:431.582 JLINK_IsHalted()
TC170 009:432.098 - 0.513ms returns FALSE
TC170 009:540.449 JLINK_IsHalted()
TC170 009:541.026 - 0.574ms returns FALSE
TC170 009:541.098 JLINK_IsHalted()
TC170 009:541.585 - 0.485ms returns FALSE
TC170 009:649.401 JLINK_IsHalted()
TC170 009:650.056 - 0.654ms returns FALSE
TC170 009:650.118 JLINK_IsHalted()
TC170 009:650.737 - 0.616ms returns FALSE
TC170 009:758.721 JLINK_IsHalted()
TC170 009:759.149 - 0.426ms returns FALSE
TC170 009:759.178 JLINK_IsHalted()
TC170 009:759.750 - 0.568ms returns FALSE
TC170 009:867.400 JLINK_IsHalted()
TC170 009:868.162 - 0.761ms returns FALSE
TC170 009:868.230 JLINK_IsHalted()
TC170 009:868.734 - 0.502ms returns FALSE
TC6E0 009:885.592 JLINK_IsHalted()
TC6E0 009:886.319 - 0.725ms returns FALSE
TC6E0 009:886.386 JLINK_IsHalted()
TC6E0 009:887.043 - 0.655ms returns FALSE
TC170 009:976.826 JLINK_IsHalted()
TC170 009:977.614 - 0.821ms returns FALSE
TC170 009:977.701 JLINK_IsHalted()
TC170 009:978.227 - 0.524ms returns FALSE
TC170 010:086.310 JLINK_IsHalted()
TC170 010:087.078 - 0.765ms returns FALSE
TC170 010:087.174 JLINK_IsHalted()
TC170 010:087.788 - 0.610ms returns FALSE
TC170 010:196.262 JLINK_IsHalted()
TC170 010:196.995 - 0.732ms returns FALSE
TC170 010:197.059 JLINK_IsHalted()
TC170 010:197.529 - 0.468ms returns FALSE
TC170 010:305.655 JLINK_IsHalted()
TC170 010:306.368 - 0.711ms returns FALSE
TC170 010:306.443 JLINK_IsHalted()
TC170 010:306.957 - 0.511ms returns FALSE
TC170 010:414.600 JLINK_IsHalted()
TC170 010:414.998 - 0.398ms returns FALSE
TC170 010:415.016 JLINK_IsHalted()
TC170 010:415.463 - 0.447ms returns FALSE
TC170 010:524.856 JLINK_IsHalted()
TC170 010:525.623 - 0.764ms returns FALSE
TC170 010:525.702 JLINK_IsHalted()
TC170 010:526.306 - 0.602ms returns FALSE
TC170 010:633.578 JLINK_IsHalted()
TC170 010:634.081 - 0.503ms returns FALSE
TC170 010:634.110 JLINK_IsHalted()
TC170 010:634.493 - 0.382ms returns FALSE
TC170 010:742.805 JLINK_IsHalted()
TC170 010:743.547 - 0.741ms returns FALSE
TC170 010:743.606 JLINK_IsHalted()
TC170 010:744.122 - 0.512ms returns FALSE
TC170 010:852.762 JLINK_IsHalted()
TC170 010:853.492 - 0.728ms returns FALSE
TC170 010:853.559 JLINK_IsHalted()
TC170 010:854.076 - 0.514ms returns FALSE
TC6E0 010:887.563 JLINK_IsHalted()
TC6E0 010:888.150 - 0.585ms returns FALSE
TC6E0 010:888.249 JLINK_IsHalted()
TC6E0 010:888.746 - 0.495ms returns FALSE
TC170 010:961.454 JLINK_IsHalted()
TC170 010:962.230 - 0.774ms returns FALSE
TC170 010:962.294 JLINK_IsHalted()
TC170 010:962.958 - 0.660ms returns FALSE
TC170 011:071.400 JLINK_IsHalted()
TC170 011:072.036 - 0.635ms returns FALSE
TC170 011:072.105 JLINK_IsHalted()
TC170 011:072.761 - 0.654ms returns FALSE
TC170 011:179.792 JLINK_IsHalted()
TC170 011:180.282 - 0.489ms returns FALSE
TC170 011:180.323 JLINK_IsHalted()
TC170 011:180.791 - 0.467ms returns FALSE
TC170 011:289.294 JLINK_IsHalted()
TC170 011:289.953 - 0.656ms returns FALSE
TC170 011:290.029 JLINK_IsHalted()
TC170 011:290.550 - 0.518ms returns FALSE
TC170 011:399.018 JLINK_IsHalted()
TC170 011:399.462 - 0.442ms returns FALSE
TC170 011:399.490 JLINK_IsHalted()
TC170 011:399.962 - 0.471ms returns FALSE
TC170 011:508.774 JLINK_IsHalted()
TC170 011:509.526 - 0.750ms returns FALSE
TC170 011:509.612 JLINK_IsHalted()
TC170 011:510.102 - 0.487ms returns FALSE
TC170 011:617.509 JLINK_IsHalted()
TC170 011:618.107 - 0.595ms returns FALSE
TC170 011:618.195 JLINK_IsHalted()
TC170 011:618.822 - 0.624ms returns FALSE
TC170 011:727.703 JLINK_IsHalted()
TC170 011:728.488 - 0.784ms returns FALSE
TC170 011:728.551 JLINK_IsHalted()
TC170 011:729.086 - 0.533ms returns FALSE
TC170 011:835.928 JLINK_IsHalted()
TC170 011:836.316 - 0.388ms returns FALSE
TC170 011:836.338 JLINK_IsHalted()
TC170 011:836.661 - 0.322ms returns FALSE
TC6E0 011:889.952 JLINK_IsHalted()
TC6E0 011:890.328 - 0.375ms returns FALSE
TC6E0 011:890.358 JLINK_IsHalted()
TC6E0 011:890.624 - 0.265ms returns FALSE
TC170 011:946.516 JLINK_IsHalted()
TC170 011:947.225 - 0.707ms returns FALSE
TC170 011:947.283 JLINK_IsHalted()
TC170 011:947.898 - 0.612ms returns FALSE
TC170 012:055.678 JLINK_IsHalted()
TC170 012:056.177 - 0.499ms returns FALSE
TC170 012:056.194 JLINK_IsHalted()
TC170 012:056.554 - 0.359ms returns FALSE
TC170 012:164.265 JLINK_IsHalted()
TC170 012:164.659 - 0.393ms returns FALSE
TC170 012:164.674 JLINK_IsHalted()
TC170 012:165.048 - 0.374ms returns FALSE
TC170 012:273.710 JLINK_IsHalted()
TC170 012:274.239 - 0.527ms returns FALSE
TC170 012:274.290 JLINK_IsHalted()
TC170 012:274.780 - 0.488ms returns FALSE
TC170 012:383.724 JLINK_IsHalted()
TC170 012:384.120 - 0.395ms returns FALSE
TC170 012:384.139 JLINK_IsHalted()
TC170 012:384.478 - 0.337ms returns FALSE
TC170 012:492.699 JLINK_IsHalted()
TC170 012:493.217 - 0.518ms returns FALSE
TC170 012:493.243 JLINK_IsHalted()
TC170 012:493.717 - 0.472ms returns FALSE
TC170 012:601.982 JLINK_IsHalted()
TC170 012:602.707 - 0.724ms returns FALSE
TC170 012:602.781 JLINK_IsHalted()
TC170 012:603.430 - 0.647ms returns FALSE
TC170 012:711.350 JLINK_IsHalted()
TC170 012:711.794 - 0.443ms returns FALSE
TC170 012:711.819 JLINK_IsHalted()
TC170 012:712.175 - 0.355ms returns FALSE
TC170 012:820.951 JLINK_IsHalted()
TC170 012:821.696 - 0.743ms returns FALSE
TC170 012:821.774 JLINK_IsHalted()
TC170 012:822.414 - 0.637ms returns FALSE
TC6E0 012:890.934 JLINK_IsHalted()
TC6E0 012:891.379 - 0.445ms returns FALSE
TC6E0 012:891.394 JLINK_IsHalted()
TC6E0 012:891.826 - 0.431ms returns FALSE
TC170 012:929.944 JLINK_IsHalted()
TC170 012:930.362 - 0.418ms returns FALSE
TC170 012:930.378 JLINK_IsHalted()
TC170 012:930.730 - 0.352ms returns FALSE
TC170 013:039.653 JLINK_IsHalted()
TC170 013:040.180 - 0.524ms returns FALSE
TC170 013:040.239 JLINK_IsHalted()
TC170 013:040.883 - 0.641ms returns FALSE
TC170 013:148.491 JLINK_IsHalted()
TC170 013:148.981 - 0.489ms returns FALSE
TC170 013:148.998 JLINK_IsHalted()
TC170 013:149.399 - 0.400ms returns FALSE
TC170 013:258.894 JLINK_IsHalted()
TC170 013:259.590 - 0.695ms returns FALSE
TC170 013:259.655 JLINK_IsHalted()
TC170 013:260.144 - 0.486ms returns FALSE
TC170 013:367.806 JLINK_IsHalted()
TC170 013:368.239 - 0.432ms returns FALSE
TC170 013:368.254 JLINK_IsHalted()
TC170 013:368.598 - 0.344ms returns FALSE
TC170 013:477.797 JLINK_IsHalted()
TC170 013:478.493 - 0.693ms returns FALSE
TC170 013:478.566 JLINK_IsHalted()
TC170 013:479.078 - 0.509ms returns FALSE
TC170 013:586.454 JLINK_IsHalted()
TC170 013:586.891 - 0.435ms returns FALSE
TC170 013:586.918 JLINK_IsHalted()
TC170 013:587.264 - 0.345ms returns FALSE
TC170 013:695.901 JLINK_IsHalted()
TC170 013:696.459 - 0.559ms returns FALSE
TC170 013:696.488 JLINK_IsHalted()
TC170 013:696.984 - 0.495ms returns FALSE
TC170 013:804.850 JLINK_IsHalted()
TC170 013:805.552 - 0.701ms returns FALSE
TC170 013:805.626 JLINK_IsHalted()
TC170 013:806.123 - 0.496ms returns FALSE
TC6E0 013:893.024 JLINK_IsHalted()
TC6E0 013:893.648 - 0.622ms returns FALSE
TC6E0 013:893.715 JLINK_IsHalted()
TC6E0 013:894.333 - 0.615ms returns FALSE
TC170 013:914.810 JLINK_IsHalted()
TC170 013:915.237 - 0.426ms returns FALSE
TC170 013:915.256 JLINK_IsHalted()
TC170 013:915.600 - 0.344ms returns FALSE
TC170 014:023.830 JLINK_IsHalted()
TC170 014:024.509 - 0.676ms returns FALSE
TC170 014:024.573 JLINK_IsHalted()
TC170 014:025.061 - 0.486ms returns FALSE
TC170 014:133.182 JLINK_IsHalted()
TC170 014:133.613 - 0.430ms returns FALSE
TC170 014:133.630 JLINK_IsHalted()
TC170 014:133.979 - 0.349ms returns FALSE
TC170 014:242.630 JLINK_IsHalted()
TC170 014:243.019 - 0.387ms returns FALSE
TC170 014:243.030 JLINK_IsHalted()
TC170 014:243.248 - 0.218ms returns FALSE
TC170 014:351.875 JLINK_IsHalted()
TC170 014:352.270 - 0.395ms returns FALSE
TC170 014:352.288 JLINK_IsHalted()
TC170 014:352.728 - 0.436ms returns FALSE
TC170 014:461.718 JLINK_IsHalted()
TC170 014:462.464 - 0.744ms returns FALSE
TC170 014:462.533 JLINK_IsHalted()
TC170 014:463.115 - 0.580ms returns FALSE
TC170 014:570.979 JLINK_IsHalted()
TC170 014:571.547 - 0.569ms returns FALSE
TC170 014:571.562 JLINK_IsHalted()
TC170 014:571.898 - 0.334ms returns FALSE
TC170 014:680.022 JLINK_IsHalted()
TC170 014:680.762 - 0.738ms returns FALSE
TC170 014:680.821 JLINK_IsHalted()
TC170 014:681.387 - 0.564ms returns FALSE
TC170 014:790.090 JLINK_IsHalted()
TC170 014:790.539 - 0.447ms returns FALSE
TC170 014:790.562 JLINK_IsHalted()
TC170 014:790.922 - 0.359ms returns FALSE
TC6E0 014:895.186 JLINK_IsHalted()
TC6E0 014:895.635 - 0.449ms returns FALSE
TC6E0 014:895.651 JLINK_IsHalted()
TC6E0 014:895.965 - 0.312ms returns FALSE
TC170 014:899.378 JLINK_IsHalted()
TC170 014:899.760 - 0.382ms returns FALSE
TC170 014:899.774 JLINK_IsHalted()
TC170 014:900.106 - 0.331ms returns FALSE
TC170 015:008.774 JLINK_IsHalted()
TC170 015:009.186 - 0.411ms returns FALSE
TC170 015:009.198 JLINK_IsHalted()
TC170 015:009.547 - 0.347ms returns FALSE
TC170 015:117.822 JLINK_IsHalted()
TC170 015:118.483 - 0.658ms returns FALSE
TC170 015:118.579 JLINK_IsHalted()
TC170 015:119.152 - 0.570ms returns FALSE
TC170 015:227.442 JLINK_IsHalted()
TC170 015:227.888 - 0.445ms returns FALSE
TC170 015:227.898 JLINK_IsHalted()
TC170 015:228.227 - 0.330ms returns FALSE
TC170 015:336.194 JLINK_IsHalted()
TC170 015:336.602 - 0.408ms returns FALSE
TC170 015:336.619 JLINK_IsHalted()
TC170 015:336.962 - 0.342ms returns FALSE
TC170 015:445.829 JLINK_IsHalted()
TC170 015:446.206 - 0.377ms returns FALSE
TC170 015:446.216 JLINK_IsHalted()
TC170 015:446.554 - 0.337ms returns FALSE
TC170 015:555.074 JLINK_IsHalted()
TC170 015:555.699 - 0.623ms returns FALSE
TC170 015:555.760 JLINK_IsHalted()
TC170 015:556.285 - 0.522ms returns FALSE
TC170 015:664.456 JLINK_IsHalted()
TC170 015:664.882 - 0.425ms returns FALSE
TC170 015:664.891 JLINK_IsHalted()
TC170 015:665.206 - 0.315ms returns FALSE
TC170 015:773.974 JLINK_IsHalted()
TC170 015:774.342 - 0.367ms returns FALSE
TC170 015:774.352 JLINK_IsHalted()
TC170 015:774.669 - 0.317ms returns FALSE
TC170 015:883.194 JLINK_IsHalted()
TC170 015:883.790 - 0.595ms returns FALSE
TC170 015:883.850 JLINK_IsHalted()
TC170 015:884.378 - 0.524ms returns FALSE
TC6E0 015:897.403 JLINK_IsHalted()
TC6E0 015:898.163 - 0.760ms returns FALSE
TC6E0 015:898.232 JLINK_IsHalted()
TC6E0 015:898.880 - 0.645ms returns FALSE
TC170 015:993.354 JLINK_IsHalted()
TC170 015:993.942 - 0.590ms returns FALSE
TC170 015:993.958 JLINK_IsHalted()
TC170 015:994.355 - 0.397ms returns FALSE
TC170 016:102.731 JLINK_IsHalted()
TC170 016:103.235 - 0.504ms returns FALSE
TC170 016:103.266 JLINK_IsHalted()
TC170 016:103.731 - 0.464ms returns FALSE
TC170 016:211.914 JLINK_IsHalted()
TC170 016:212.301 - 0.386ms returns FALSE
TC170 016:212.310 JLINK_IsHalted()
TC170 016:212.659 - 0.347ms returns FALSE
TC170 016:320.370 JLINK_IsHalted()
TC170 016:320.758 - 0.388ms returns FALSE
TC170 016:320.776 JLINK_IsHalted()
TC170 016:321.114 - 0.337ms returns FALSE
TC170 016:430.162 JLINK_IsHalted()
TC170 016:430.560 - 0.396ms returns FALSE
TC170 016:430.578 JLINK_IsHalted()
TC170 016:430.906 - 0.326ms returns FALSE
TC170 016:540.043 JLINK_IsHalted()
TC170 016:540.442 - 0.399ms returns FALSE
TC170 016:540.467 JLINK_IsHalted()
TC170 016:540.822 - 0.355ms returns FALSE
TC170 016:649.346 JLINK_IsHalted()
TC170 016:649.733 - 0.385ms returns FALSE
TC170 016:649.750 JLINK_IsHalted()
TC170 016:650.090 - 0.338ms returns FALSE
TC170 016:758.166 JLINK_IsHalted()
TC170 016:758.566 - 0.400ms returns FALSE
TC170 016:758.581 JLINK_IsHalted()
TC170 016:758.947 - 0.367ms returns FALSE
TC170 016:867.428 JLINK_IsHalted()
TC170 016:868.080 - 0.651ms returns FALSE
TC170 016:868.156 JLINK_IsHalted()
TC170 016:868.762 - 0.603ms returns FALSE
TC6E0 016:899.572 JLINK_IsHalted()
TC6E0 016:899.974 - 0.401ms returns FALSE
TC6E0 016:899.988 JLINK_IsHalted()
TC6E0 016:900.312 - 0.323ms returns FALSE
TC170 016:977.060 JLINK_IsHalted()
TC170 016:977.436 - 0.378ms returns FALSE
TC170 016:977.452 JLINK_IsHalted()
TC170 016:977.884 - 0.432ms returns FALSE
TC170 017:086.194 JLINK_IsHalted()
TC170 017:086.780 - 0.585ms returns FALSE
TC170 017:086.840 JLINK_IsHalted()
TC170 017:087.454 - 0.612ms returns FALSE
TC170 017:195.552 JLINK_IsHalted()
TC170 017:196.132 - 0.580ms returns FALSE
TC170 017:196.148 JLINK_IsHalted()
TC170 017:196.598 - 0.449ms returns FALSE
TC170 017:305.398 JLINK_IsHalted()
TC170 017:305.764 - 0.366ms returns FALSE
TC170 017:305.780 JLINK_IsHalted()
TC170 017:306.122 - 0.342ms returns FALSE
TC170 017:414.494 JLINK_IsHalted()
TC170 017:415.164 - 0.667ms returns FALSE
TC170 017:415.228 JLINK_IsHalted()
TC170 017:415.616 - 0.389ms returns FALSE
TC170 017:523.614 JLINK_IsHalted()
TC170 017:523.974 - 0.359ms returns FALSE
TC170 017:523.992 JLINK_IsHalted()
TC170 017:524.432 - 0.440ms returns FALSE
TC170 017:633.732 JLINK_IsHalted()
TC170 017:634.124 - 0.393ms returns FALSE
TC170 017:634.140 JLINK_IsHalted()
TC170 017:634.470 - 0.328ms returns FALSE
TC170 017:742.566 JLINK_IsHalted()
TC170 017:743.274 - 0.705ms returns FALSE
TC170 017:743.344 JLINK_IsHalted()
TC170 017:743.994 - 0.647ms returns FALSE
TC170 017:852.562 JLINK_IsHalted()
TC170 017:853.220 - 0.657ms returns FALSE
TC170 017:853.286 JLINK_IsHalted()
TC170 017:853.796 - 0.509ms returns FALSE
TC6E0 017:900.954 JLINK_IsHalted()
TC6E0 017:901.432 - 0.477ms returns FALSE
TC6E0 017:901.450 JLINK_IsHalted()
TC6E0 017:901.792 - 0.340ms returns FALSE
TC170 017:961.570 JLINK_IsHalted()
TC170 017:962.216 - 0.645ms returns FALSE
TC170 017:962.284 JLINK_IsHalted()
TC170 017:962.944 - 0.659ms returns FALSE
TC170 018:070.422 JLINK_IsHalted()
TC170 018:070.896 - 0.473ms returns FALSE
TC170 018:070.924 JLINK_IsHalted()
TC170 018:071.350 - 0.423ms returns FALSE
TC170 018:180.576 JLINK_IsHalted()
TC170 018:181.028 - 0.453ms returns FALSE
TC170 018:181.044 JLINK_IsHalted()
TC170 018:181.356 - 0.310ms returns FALSE
TC170 018:289.932 JLINK_IsHalted()
TC170 018:290.588 - 0.654ms returns FALSE
TC170 018:290.642 JLINK_IsHalted()
TC170 018:291.206 - 0.562ms returns FALSE
TC170 018:399.312 JLINK_IsHalted()
TC170 018:400.012 - 0.699ms returns FALSE
TC170 018:400.084 JLINK_IsHalted()
TC170 018:400.590 - 0.503ms returns FALSE
TC170 018:508.076 JLINK_IsHalted()
TC170 018:508.654 - 0.578ms returns FALSE
TC170 018:508.720 JLINK_IsHalted()
TC170 018:509.280 - 0.557ms returns FALSE
TC170 018:617.328 JLINK_IsHalted()
TC170 018:617.968 - 0.638ms returns FALSE
TC170 018:618.032 JLINK_IsHalted()
TC170 018:618.662 - 0.627ms returns FALSE
TC170 018:726.808 JLINK_IsHalted()
TC170 018:727.510 - 0.700ms returns FALSE
TC170 018:727.580 JLINK_IsHalted()
TC170 018:728.100 - 0.517ms returns FALSE
TC170 018:837.446 JLINK_IsHalted()
TC170 018:838.090 - 0.641ms returns FALSE
TC170 018:838.164 JLINK_IsHalted()
TC170 018:838.674 - 0.506ms returns FALSE
TC6E0 018:903.114 JLINK_IsHalted()
TC6E0 018:903.658 - 0.542ms returns FALSE
TC6E0 018:903.722 JLINK_IsHalted()
TC6E0 018:904.342 - 0.617ms returns FALSE
TC170 018:945.564 JLINK_IsHalted()
TC170 018:946.106 - 0.540ms returns FALSE
TC170 018:946.164 JLINK_IsHalted()
TC170 018:946.590 - 0.425ms returns FALSE
TC170 019:055.062 JLINK_IsHalted()
TC170 019:055.516 - 0.453ms returns FALSE
TC170 019:055.536 JLINK_IsHalted()
TC170 019:055.934 - 0.398ms returns FALSE
TC170 019:164.398 JLINK_IsHalted()
TC170 019:165.220 - 0.819ms returns FALSE
TC170 019:165.302 JLINK_IsHalted()
TC170 019:165.868 - 0.566ms returns FALSE
TC170 019:274.574 JLINK_IsHalted()
TC170 019:275.314 - 0.737ms returns FALSE
TC170 019:275.372 JLINK_IsHalted()
TC170 019:275.956 - 0.580ms returns FALSE
TC170 019:383.148 JLINK_IsHalted()
TC170 019:383.866 - 0.716ms returns FALSE
TC170 019:383.938 JLINK_IsHalted()
TC170 019:384.426 - 0.485ms returns FALSE
TC170 019:492.584 JLINK_IsHalted()
TC170 019:493.166 - 0.581ms returns FALSE
TC170 019:493.202 JLINK_IsHalted()
TC170 019:493.672 - 0.470ms returns FALSE
TC170 019:601.606 JLINK_IsHalted()
TC170 019:602.048 - 0.440ms returns FALSE
TC170 019:602.060 JLINK_IsHalted()
TC170 019:602.406 - 0.347ms returns FALSE
TC170 019:711.608 JLINK_IsHalted()
TC170 019:711.970 - 0.375ms returns FALSE
TC170 019:711.980 JLINK_IsHalted()
TC170 019:712.324 - 0.343ms returns FALSE
TC170 019:821.132 JLINK_IsHalted()
TC170 019:821.718 - 0.585ms returns FALSE
TC170 019:821.810 JLINK_IsHalted()
TC170 019:822.350 - 0.538ms returns FALSE
TC6E0 019:905.308 JLINK_IsHalted()
TC6E0 019:906.054 - 0.742ms returns FALSE
TC6E0 019:906.158 JLINK_IsHalted()
TC6E0 019:906.740 - 0.580ms returns FALSE
TC170 019:929.750 JLINK_IsHalted()
TC170 019:930.162 - 0.410ms returns FALSE
TC170 019:930.172 JLINK_IsHalted()
TC170 019:930.552 - 0.380ms returns FALSE
TC170 020:039.698 JLINK_IsHalted()
TC170 020:040.092 - 0.393ms returns FALSE
TC170 020:040.100 JLINK_IsHalted()
TC170 020:040.418 - 0.316ms returns FALSE
TC170 020:148.602 JLINK_IsHalted()
TC170 020:149.084 - 0.481ms returns FALSE
TC170 020:149.098 JLINK_IsHalted()
TC170 020:149.458 - 0.359ms returns FALSE
TC170 020:258.450 JLINK_IsHalted()
TC170 020:258.870 - 0.420ms returns FALSE
TC170 020:258.894 JLINK_IsHalted()
TC170 020:259.198 - 0.304ms returns FALSE
TC170 020:367.492 JLINK_IsHalted()
TC170 020:367.922 - 0.429ms returns FALSE
TC170 020:367.936 JLINK_IsHalted()
TC170 020:368.284 - 0.349ms returns FALSE
TC170 020:477.268 JLINK_IsHalted()
TC170 020:477.836 - 0.569ms returns FALSE
TC170 020:477.900 JLINK_IsHalted()
TC170 020:478.524 - 0.624ms returns FALSE
TC170 020:586.158 JLINK_IsHalted()
TC170 020:586.624 - 0.464ms returns FALSE
TC170 020:586.642 JLINK_IsHalted()
TC170 020:587.064 - 0.421ms returns FALSE
TC170 020:695.934 JLINK_IsHalted()
TC170 020:696.358 - 0.423ms returns FALSE
TC170 020:696.370 JLINK_IsHalted()
TC170 020:696.718 - 0.350ms returns FALSE
TC170 020:805.396 JLINK_IsHalted()
TC170 020:805.812 - 0.415ms returns FALSE
TC170 020:805.830 JLINK_IsHalted()
TC170 020:806.168 - 0.338ms returns FALSE
TC6E0 020:908.616 JLINK_IsHalted()
TC6E0 020:909.268 - 0.650ms returns FALSE
TC6E0 020:909.332 JLINK_IsHalted()
TC6E0 020:909.766 - 0.430ms returns FALSE
TC170 020:914.380 JLINK_IsHalted()
TC170 020:914.748 - 0.368ms returns FALSE
TC170 020:914.758 JLINK_IsHalted()
TC170 020:915.092 - 0.334ms returns FALSE
TC170 021:024.194 JLINK_IsHalted()
TC170 021:024.602 - 0.407ms returns FALSE
TC170 021:024.632 JLINK_IsHalted()
TC170 021:024.980 - 0.347ms returns FALSE
TC170 021:133.366 JLINK_IsHalted()
TC170 021:134.034 - 0.666ms returns FALSE
TC170 021:134.096 JLINK_IsHalted()
TC170 021:134.580 - 0.482ms returns FALSE
TC170 021:242.324 JLINK_IsHalted()
TC170 021:242.764 - 0.440ms returns FALSE
TC170 021:242.782 JLINK_IsHalted()
TC170 021:243.224 - 0.440ms returns FALSE
TC170 021:351.882 JLINK_IsHalted()
TC170 021:352.528 - 0.645ms returns FALSE
TC170 021:352.588 JLINK_IsHalted()
TC170 021:353.140 - 0.549ms returns FALSE
TC170 021:461.744 JLINK_IsHalted()
TC170 021:462.300 - 0.554ms returns FALSE
TC170 021:462.390 JLINK_IsHalted()
TC170 021:462.950 - 0.558ms returns FALSE
TC170 021:570.820 JLINK_IsHalted()
TC170 021:571.292 - 0.472ms returns FALSE
TC170 021:571.312 JLINK_IsHalted()
TC170 021:571.768 - 0.455ms returns FALSE
TC170 021:680.244 JLINK_IsHalted()
TC170 021:680.662 - 0.417ms returns FALSE
TC170 021:680.676 JLINK_IsHalted()
TC170 021:680.994 - 0.315ms returns FALSE
TC170 021:789.860 JLINK_IsHalted()
TC170 021:790.284 - 0.422ms returns FALSE
TC170 021:790.300 JLINK_IsHalted()
TC170 021:790.604 - 0.303ms returns FALSE
TC170 021:898.592 JLINK_IsHalted()
TC170 021:899.110 - 0.517ms returns FALSE
TC170 021:899.150 JLINK_IsHalted()
TC170 021:899.596 - 0.445ms returns FALSE
TC6E0 021:910.204 JLINK_IsHalted()
TC6E0 021:910.692 - 0.488ms returns FALSE
TC6E0 021:910.724 JLINK_IsHalted()
TC6E0 021:911.150 - 0.424ms returns FALSE
TC170 022:008.096 JLINK_IsHalted()
TC170 022:008.470 - 0.373ms returns FALSE
TC170 022:008.484 JLINK_IsHalted()
TC170 022:008.868 - 0.382ms returns FALSE
TC170 022:118.348 JLINK_IsHalted()
TC170 022:119.008 - 0.657ms returns FALSE
TC170 022:119.068 JLINK_IsHalted()
TC170 022:119.546 - 0.477ms returns FALSE
TC170 022:227.592 JLINK_IsHalted()
TC170 022:228.058 - 0.465ms returns FALSE
TC170 022:228.084 JLINK_IsHalted()
TC170 022:228.434 - 0.351ms returns FALSE
TC170 022:336.072 JLINK_IsHalted()
TC170 022:336.452 - 0.379ms returns FALSE
TC170 022:336.462 JLINK_IsHalted()
TC170 022:336.868 - 0.405ms returns FALSE
TC170 022:445.910 JLINK_IsHalted()
TC170 022:446.578 - 0.666ms returns FALSE
TC170 022:446.642 JLINK_IsHalted()
TC170 022:447.116 - 0.472ms returns FALSE
TC170 022:555.156 JLINK_IsHalted()
TC170 022:555.750 - 0.591ms returns FALSE
TC170 022:555.816 JLINK_IsHalted()
TC170 022:556.442 - 0.609ms returns FALSE
TC170 022:664.618 JLINK_IsHalted()
TC170 022:665.316 - 0.696ms returns FALSE
TC170 022:665.374 JLINK_IsHalted()
TC170 022:665.952 - 0.574ms returns FALSE
TC170 022:774.492 JLINK_IsHalted()
TC170 022:774.956 - 0.461ms returns FALSE
TC170 022:774.980 JLINK_IsHalted()
TC170 022:775.396 - 0.415ms returns FALSE
TC170 022:883.742 JLINK_IsHalted()
TC170 022:884.346 - 0.600ms returns FALSE
TC170 022:884.412 JLINK_IsHalted()
TC170 022:884.972 - 0.558ms returns FALSE
TC6E0 022:912.890 JLINK_IsHalted()
TC6E0 022:913.578 - 0.687ms returns FALSE
TC6E0 022:913.646 JLINK_IsHalted()
TC6E0 022:914.262 - 0.614ms returns FALSE
TC170 022:993.154 JLINK_IsHalted()
TC170 022:993.572 - 0.419ms returns FALSE
TC170 022:993.588 JLINK_IsHalted()
TC170 022:993.956 - 0.368ms returns FALSE
TC170 023:102.524 JLINK_IsHalted()
TC170 023:103.226 - 0.700ms returns FALSE
TC170 023:103.296 JLINK_IsHalted()
TC170 023:103.994 - 0.695ms returns FALSE
TC170 023:211.228 JLINK_IsHalted()
TC170 023:211.670 - 0.441ms returns FALSE
TC170 023:211.716 JLINK_IsHalted()
TC170 023:212.100 - 0.383ms returns FALSE
TC170 023:320.900 JLINK_IsHalted()
TC170 023:321.486 - 0.584ms returns FALSE
TC170 023:321.552 JLINK_IsHalted()
TC170 023:322.074 - 0.519ms returns FALSE
TC170 023:429.988 JLINK_IsHalted()
TC170 023:430.648 - 0.658ms returns FALSE
TC170 023:430.710 JLINK_IsHalted()
TC170 023:431.204 - 0.493ms returns FALSE
TC170 023:539.548 JLINK_IsHalted()
TC170 023:540.162 - 0.612ms returns FALSE
TC170 023:540.266 JLINK_IsHalted()
TC170 023:540.836 - 0.567ms returns FALSE
TC170 023:649.628 JLINK_IsHalted()
TC170 023:650.084 - 0.457ms returns FALSE
TC170 023:650.112 JLINK_IsHalted()
TC170 023:650.570 - 0.456ms returns FALSE
TC170 023:758.540 JLINK_IsHalted()
TC170 023:758.940 - 0.400ms returns FALSE
TC170 023:758.956 JLINK_IsHalted()
TC170 023:759.300 - 0.342ms returns FALSE
TC170 023:867.834 JLINK_IsHalted()
TC170 023:868.260 - 0.425ms returns FALSE
TC170 023:868.278 JLINK_IsHalted()
TC170 023:868.684 - 0.405ms returns FALSE
TC6E0 023:914.160 JLINK_IsHalted()
TC6E0 023:914.598 - 0.436ms returns FALSE
TC6E0 023:914.616 JLINK_IsHalted()
TC6E0 023:914.964 - 0.347ms returns FALSE
TC170 023:976.878 JLINK_IsHalted()
TC170 023:977.306 - 0.428ms returns FALSE
TC170 023:977.324 JLINK_IsHalted()
TC170 023:977.660 - 0.338ms returns FALSE
TC170 024:086.368 JLINK_IsHalted()
TC170 024:086.748 - 0.378ms returns FALSE
TC170 024:086.772 JLINK_IsHalted()
TC170 024:087.152 - 0.379ms returns FALSE
TC170 024:196.004 JLINK_IsHalted()
TC170 024:196.424 - 0.420ms returns FALSE
TC170 024:196.434 JLINK_IsHalted()
TC170 024:196.748 - 0.314ms returns FALSE
TC170 024:305.348 JLINK_IsHalted()
TC170 024:306.036 - 0.687ms returns FALSE
TC170 024:306.092 JLINK_IsHalted()
TC170 024:306.692 - 0.598ms returns FALSE
TC170 024:415.110 JLINK_IsHalted()
TC170 024:415.494 - 0.383ms returns FALSE
TC170 024:415.510 JLINK_IsHalted()
TC170 024:415.876 - 0.364ms returns FALSE
TC170 024:524.018 JLINK_IsHalted()
TC170 024:524.500 - 0.480ms returns FALSE
TC170 024:524.522 JLINK_IsHalted()
TC170 024:525.016 - 0.492ms returns FALSE
TC170 024:633.180 JLINK_IsHalted()
TC170 024:633.576 - 0.395ms returns FALSE
TC170 024:633.590 JLINK_IsHalted()
TC170 024:633.878 - 0.286ms returns FALSE
TC170 024:742.576 JLINK_IsHalted()
TC170 024:742.946 - 0.369ms returns FALSE
TC170 024:742.956 JLINK_IsHalted()
TC170 024:743.290 - 0.332ms returns FALSE
TC170 024:852.522 JLINK_IsHalted()
TC170 024:853.236 - 0.713ms returns FALSE
TC170 024:853.316 JLINK_IsHalted()
TC170 024:854.028 - 0.710ms returns FALSE
TC6E0 024:915.698 JLINK_IsHalted()
TC6E0 024:916.356 - 0.655ms returns FALSE
TC6E0 024:916.420 JLINK_IsHalted()
TC6E0 024:916.920 - 0.498ms returns FALSE
TC170 024:961.052 JLINK_IsHalted()
TC170 024:961.424 - 0.371ms returns FALSE
TC170 024:961.432 JLINK_IsHalted()
TC170 024:961.748 - 0.316ms returns FALSE
TC170 025:071.370 JLINK_IsHalted()
TC170 025:071.762 - 0.392ms returns FALSE
TC170 025:071.778 JLINK_IsHalted()
TC170 025:072.072 - 0.294ms returns FALSE
TC170 025:180.422 JLINK_IsHalted()
TC170 025:180.890 - 0.467ms returns FALSE
TC170 025:180.904 JLINK_IsHalted()
TC170 025:181.170 - 0.265ms returns FALSE
TC170 025:289.772 JLINK_IsHalted()
TC170 025:290.172 - 0.399ms returns FALSE
TC170 025:290.204 JLINK_IsHalted()
TC170 025:290.556 - 0.352ms returns FALSE
TC170 025:399.116 JLINK_IsHalted()
TC170 025:399.534 - 0.417ms returns FALSE
TC170 025:399.550 JLINK_IsHalted()
TC170 025:399.900 - 0.350ms returns FALSE
TC170 025:507.962 JLINK_IsHalted()
TC170 025:508.634 - 0.670ms returns FALSE
TC170 025:508.700 JLINK_IsHalted()
TC170 025:509.136 - 0.424ms returns FALSE
TC170 025:617.444 JLINK_IsHalted()
TC170 025:617.896 - 0.450ms returns FALSE
TC170 025:617.906 JLINK_IsHalted()
TC170 025:618.216 - 0.310ms returns FALSE
TC170 025:727.418 JLINK_IsHalted()
TC170 025:728.074 - 0.655ms returns FALSE
TC170 025:728.140 JLINK_IsHalted()
TC170 025:728.736 - 0.594ms returns FALSE
TC170 025:836.928 JLINK_IsHalted()
TC170 025:837.374 - 0.446ms returns FALSE
TC170 025:837.394 JLINK_IsHalted()
TC170 025:837.786 - 0.392ms returns FALSE
TC6E0 025:918.992 JLINK_IsHalted()
TC6E0 025:919.708 - 0.716ms returns FALSE
TC6E0 025:919.774 JLINK_IsHalted()
TC6E0 025:920.372 - 0.595ms returns FALSE
TC170 025:945.920 JLINK_IsHalted()
TC170 025:946.570 - 0.648ms returns FALSE
TC170 025:946.632 JLINK_IsHalted()
TC170 025:947.252 - 0.618ms returns FALSE
TC170 026:055.830 JLINK_IsHalted()
TC170 026:056.516 - 0.681ms returns FALSE
TC170 026:056.592 JLINK_IsHalted()
TC170 026:057.112 - 0.517ms returns FALSE
TC170 026:165.404 JLINK_IsHalted()
TC170 026:165.988 - 0.581ms returns FALSE
TC170 026:166.054 JLINK_IsHalted()
TC170 026:166.608 - 0.550ms returns FALSE
TC170 026:274.058 JLINK_IsHalted()
TC170 026:274.686 - 0.628ms returns FALSE
TC170 026:274.766 JLINK_IsHalted()
TC170 026:275.248 - 0.478ms returns FALSE
TC170 026:383.718 JLINK_IsHalted()
TC170 026:384.372 - 0.651ms returns FALSE
TC170 026:384.436 JLINK_IsHalted()
TC170 026:384.950 - 0.512ms returns FALSE
TC170 026:493.484 JLINK_IsHalted()
TC170 026:494.228 - 0.740ms returns FALSE
TC170 026:494.304 JLINK_IsHalted()
TC170 026:494.828 - 0.520ms returns FALSE
TC170 026:602.668 JLINK_IsHalted()
TC170 026:603.290 - 0.620ms returns FALSE
TC170 026:603.352 JLINK_IsHalted()
TC170 026:604.034 - 0.680ms returns FALSE
TC170 026:711.684 JLINK_IsHalted()
TC170 026:712.334 - 0.649ms returns FALSE
TC170 026:712.424 JLINK_IsHalted()
TC170 026:713.096 - 0.669ms returns FALSE
TC170 026:821.396 JLINK_IsHalted()
TC170 026:822.156 - 0.757ms returns FALSE
TC170 026:822.238 JLINK_IsHalted()
TC170 026:822.830 - 0.589ms returns FALSE
TC6E0 026:921.974 JLINK_IsHalted()
TC6E0 026:922.708 - 0.732ms returns FALSE
TC6E0 026:922.772 JLINK_IsHalted()
TC6E0 026:923.280 - 0.505ms returns FALSE
TC170 026:929.834 JLINK_IsHalted()
TC170 026:930.260 - 0.423ms returns FALSE
TC170 026:930.284 JLINK_IsHalted()
TC170 026:930.646 - 0.363ms returns FALSE
TC170 027:039.638 JLINK_IsHalted()
TC170 027:040.346 - 0.705ms returns FALSE
TC170 027:040.416 JLINK_IsHalted()
TC170 027:040.900 - 0.483ms returns FALSE
TC170 027:149.376 JLINK_IsHalted()
TC170 027:149.834 - 0.455ms returns FALSE
TC170 027:149.852 JLINK_IsHalted()
TC170 027:150.202 - 0.350ms returns FALSE
TC170 027:258.154 JLINK_IsHalted()
TC170 027:258.892 - 0.736ms returns FALSE
TC170 027:258.964 JLINK_IsHalted()
TC170 027:259.468 - 0.501ms returns FALSE
TC170 027:367.696 JLINK_IsHalted()
TC170 027:368.080 - 0.383ms returns FALSE
TC170 027:368.100 JLINK_IsHalted()
TC170 027:368.374 - 0.274ms returns FALSE
TC170 027:477.350 JLINK_IsHalted()
TC170 027:477.764 - 0.419ms returns FALSE
TC170 027:477.786 JLINK_IsHalted()
TC170 027:478.144 - 0.358ms returns FALSE
TC170 027:586.448 JLINK_IsHalted()
TC170 027:586.884 - 0.434ms returns FALSE
TC170 027:586.900 JLINK_IsHalted()
TC170 027:587.350 - 0.448ms returns FALSE
TC170 027:695.908 JLINK_IsHalted()
TC170 027:696.340 - 0.432ms returns FALSE
TC170 027:696.358 JLINK_IsHalted()
TC170 027:696.714 - 0.354ms returns FALSE
TC170 027:804.774 JLINK_IsHalted()
TC170 027:805.172 - 0.396ms returns FALSE
TC170 027:805.188 JLINK_IsHalted()
TC170 027:805.546 - 0.360ms returns FALSE
TC170 027:914.746 JLINK_IsHalted()
TC170 027:915.402 - 0.652ms returns FALSE
TC170 027:915.462 JLINK_IsHalted()
TC170 027:915.948 - 0.485ms returns FALSE
TC6E0 027:924.892 JLINK_IsHalted()
TC6E0 027:925.462 - 0.568ms returns FALSE
TC6E0 027:925.540 JLINK_IsHalted()
TC6E0 027:926.154 - 0.612ms returns FALSE
TC170 028:023.638 JLINK_IsHalted()
TC170 028:024.380 - 0.742ms returns FALSE
TC170 028:024.452 JLINK_IsHalted()
TC170 028:025.088 - 0.634ms returns FALSE
TC170 028:132.838 JLINK_IsHalted()
TC170 028:133.364 - 0.524ms returns FALSE
TC170 028:133.382 JLINK_IsHalted()
TC170 028:133.776 - 0.392ms returns FALSE
TC170 028:242.992 JLINK_IsHalted()
TC170 028:243.420 - 0.429ms returns FALSE
TC170 028:243.436 JLINK_IsHalted()
TC170 028:243.820 - 0.380ms returns FALSE
TC170 028:352.026 JLINK_IsHalted()
TC170 028:352.422 - 0.396ms returns FALSE
TC170 028:352.438 JLINK_IsHalted()
TC170 028:352.720 - 0.283ms returns FALSE
TC170 028:461.158 JLINK_IsHalted()
TC170 028:461.556 - 0.399ms returns FALSE
TC170 028:461.572 JLINK_IsHalted()
TC170 028:461.936 - 0.362ms returns FALSE
TC170 028:570.666 JLINK_IsHalted()
TC170 028:571.242 - 0.577ms returns FALSE
TC170 028:571.306 JLINK_IsHalted()
TC170 028:571.916 - 0.608ms returns FALSE
TC170 028:680.484 JLINK_IsHalted()
TC170 028:680.868 - 0.384ms returns FALSE
TC170 028:680.892 JLINK_IsHalted()
TC170 028:681.220 - 0.326ms returns FALSE
TC170 028:789.388 JLINK_IsHalted()
TC170 028:789.776 - 0.384ms returns FALSE
TC170 028:789.804 JLINK_IsHalted()
TC170 028:790.132 - 0.324ms returns FALSE
TC170 028:899.306 JLINK_IsHalted()
TC170 028:899.876 - 0.568ms returns FALSE
TC170 028:899.940 JLINK_IsHalted()
TC170 028:900.554 - 0.611ms returns FALSE
TC6E0 028:927.206 JLINK_IsHalted()
TC6E0 028:927.900 - 0.693ms returns FALSE
TC6E0 028:927.962 JLINK_IsHalted()
TC6E0 028:928.588 - 0.623ms returns FALSE
TC170 029:008.572 JLINK_IsHalted()
TC170 029:008.976 - 0.404ms returns FALSE
TC170 029:008.992 JLINK_IsHalted()
TC170 029:009.286 - 0.294ms returns FALSE
TC170 029:117.430 JLINK_IsHalted()
TC170 029:118.230 - 0.798ms returns FALSE
TC170 029:118.310 JLINK_IsHalted()
TC170 029:118.838 - 0.524ms returns FALSE
TC170 029:227.708 JLINK_IsHalted()
TC170 029:228.192 - 0.483ms returns FALSE
TC170 029:228.218 JLINK_IsHalted()
TC170 029:228.668 - 0.449ms returns FALSE
TC170 029:336.474 JLINK_IsHalted()
TC170 029:336.916 - 0.442ms returns FALSE
TC170 029:336.932 JLINK_IsHalted()
TC170 029:337.312 - 0.381ms returns FALSE
TC170 029:446.106 JLINK_IsHalted()
TC170 029:446.752 - 0.643ms returns FALSE
TC170 029:446.828 JLINK_IsHalted()
TC170 029:447.356 - 0.525ms returns FALSE
TC170 029:555.750 JLINK_IsHalted()
TC170 029:556.352 - 0.602ms returns FALSE
TC170 029:556.420 JLINK_IsHalted()
TC170 029:556.986 - 0.565ms returns FALSE
TC170 029:665.052 JLINK_IsHalted()
TC170 029:665.372 - 0.320ms returns FALSE
TC170 029:665.382 JLINK_IsHalted()
TC170 029:665.690 - 0.305ms returns FALSE
TC170 029:774.202 JLINK_IsHalted()
TC170 029:774.508 - 0.307ms returns FALSE
TC170 029:774.524 JLINK_IsHalted()
TC170 029:774.964 - 0.439ms returns FALSE
TC170 029:883.734 JLINK_IsHalted()
TC170 029:884.138 - 0.400ms returns FALSE
TC170 029:884.164 JLINK_IsHalted()
TC170 029:884.448 - 0.283ms returns FALSE
TC6E0 029:929.252 JLINK_IsHalted()
TC6E0 029:929.596 - 0.345ms returns FALSE
TC6E0 029:929.612 JLINK_IsHalted()
TC6E0 029:929.914 - 0.301ms returns FALSE
TC170 029:993.124 JLINK_IsHalted()
TC170 029:993.542 - 0.419ms returns FALSE
TC170 029:993.552 JLINK_IsHalted()
TC170 029:993.888 - 0.336ms returns FALSE
TC170 030:102.336 JLINK_IsHalted()
TC170 030:103.044 - 0.706ms returns FALSE
TC170 030:103.116 JLINK_IsHalted()
TC170 030:103.620 - 0.501ms returns FALSE
TC170 030:211.498 JLINK_IsHalted()
TC170 030:212.234 - 0.733ms returns FALSE
TC170 030:212.310 JLINK_IsHalted()
TC170 030:212.832 - 0.519ms returns FALSE
TC170 030:320.892 JLINK_IsHalted()
TC170 030:321.616 - 0.722ms returns FALSE
TC170 030:321.680 JLINK_IsHalted()
TC170 030:322.208 - 0.526ms returns FALSE
TC170 030:430.458 JLINK_IsHalted()
TC170 030:431.200 - 0.741ms returns FALSE
TC170 030:431.268 JLINK_IsHalted()
TC170 030:431.820 - 0.551ms returns FALSE
TC170 030:539.648 JLINK_IsHalted()
TC170 030:540.246 - 0.596ms returns FALSE
TC170 030:540.310 JLINK_IsHalted()
TC170 030:540.848 - 0.536ms returns FALSE
TC170 030:649.172 JLINK_IsHalted()
TC170 030:649.664 - 0.491ms returns FALSE
TC170 030:649.690 JLINK_IsHalted()
TC170 030:650.198 - 0.509ms returns FALSE
TC170 030:758.096 JLINK_IsHalted()
TC170 030:758.464 - 0.368ms returns FALSE
TC170 030:758.476 JLINK_IsHalted()
TC170 030:758.864 - 0.388ms returns FALSE
TC170 030:868.236 JLINK_IsHalted()
TC170 030:868.630 - 0.400ms returns FALSE
TC170 030:868.650 JLINK_IsHalted()
TC170 030:869.050 - 0.400ms returns FALSE
TC6E0 030:931.412 JLINK_IsHalted()
TC6E0 030:932.156 - 0.741ms returns FALSE
TC6E0 030:932.220 JLINK_IsHalted()
TC6E0 030:932.860 - 0.628ms returns FALSE
TC170 030:977.108 JLINK_IsHalted()
TC170 030:977.878 - 0.766ms returns FALSE
TC170 030:977.968 JLINK_IsHalted()
TC170 030:978.528 - 0.556ms returns FALSE
TC170 031:086.842 JLINK_IsHalted()
TC170 031:087.564 - 0.720ms returns FALSE
TC170 031:087.648 JLINK_IsHalted()
TC170 031:088.326 - 0.677ms returns FALSE
TC170 031:195.756 JLINK_IsHalted()
TC170 031:196.208 - 0.448ms returns FALSE
TC170 031:196.234 JLINK_IsHalted()
TC170 031:196.700 - 0.465ms returns FALSE
TC170 031:305.916 JLINK_IsHalted()
TC170 031:306.396 - 0.478ms returns FALSE
TC170 031:306.422 JLINK_IsHalted()
TC170 031:307.162 - 0.738ms returns FALSE
TC170 031:415.300 JLINK_IsHalted()
TC170 031:416.028 - 0.728ms returns FALSE
TC170 031:416.090 JLINK_IsHalted()
TC170 031:416.656 - 0.563ms returns FALSE
TC170 031:524.432 JLINK_IsHalted()
TC170 031:524.874 - 0.442ms returns FALSE
TC170 031:524.918 JLINK_IsHalted()
TC170 031:525.222 - 0.302ms returns FALSE
TC170 031:632.900 JLINK_IsHalted()
TC170 031:633.382 - 0.482ms returns FALSE
TC170 031:633.408 JLINK_IsHalted()
TC170 031:633.830 - 0.419ms returns FALSE
TC170 031:743.158 JLINK_IsHalted()
TC170 031:743.556 - 0.396ms returns FALSE
TC170 031:743.564 JLINK_IsHalted()
TC170 031:743.866 - 0.298ms returns FALSE
TC170 031:852.122 JLINK_IsHalted()
TC170 031:852.630 - 0.506ms returns FALSE
TC170 031:852.656 JLINK_IsHalted()
TC170 031:853.142 - 0.486ms returns FALSE
TC6E0 031:933.914 JLINK_IsHalted()
TC6E0 031:934.572 - 0.659ms returns FALSE
TC6E0 031:934.646 JLINK_IsHalted()
TC6E0 031:935.140 - 0.488ms returns FALSE
TC170 031:961.526 JLINK_IsHalted()
TC170 031:962.170 - 0.638ms returns FALSE
TC170 031:962.230 JLINK_IsHalted()
TC170 031:962.730 - 0.495ms returns FALSE
TC170 032:071.420 JLINK_IsHalted()
TC170 032:071.958 - 0.538ms returns FALSE
TC170 032:071.990 JLINK_IsHalted()
TC170 032:072.432 - 0.442ms returns FALSE
TC170 032:180.176 JLINK_IsHalted()
TC170 032:180.604 - 0.430ms returns FALSE
TC170 032:180.620 JLINK_IsHalted()
TC170 032:181.056 - 0.433ms returns FALSE
TC170 032:289.396 JLINK_IsHalted()
TC170 032:289.860 - 0.462ms returns FALSE
TC170 032:289.878 JLINK_IsHalted()
TC170 032:290.310 - 0.430ms returns FALSE
TC170 032:399.322 JLINK_IsHalted()
TC170 032:399.910 - 0.587ms returns FALSE
TC170 032:399.984 JLINK_IsHalted()
TC170 032:400.484 - 0.499ms returns FALSE
TC170 032:508.364 JLINK_IsHalted()
TC170 032:508.848 - 0.482ms returns FALSE
TC170 032:508.864 JLINK_IsHalted()
TC170 032:509.308 - 0.441ms returns FALSE
TC170 032:617.344 JLINK_IsHalted()
TC170 032:617.772 - 0.430ms returns FALSE
TC170 032:617.798 JLINK_IsHalted()
TC170 032:618.250 - 0.448ms returns FALSE
TC170 032:727.556 JLINK_IsHalted()
TC170 032:728.060 - 0.505ms returns FALSE
TC170 032:728.086 JLINK_IsHalted()
TC170 032:728.554 - 0.465ms returns FALSE
TC170 032:836.188 JLINK_IsHalted()
TC170 032:836.700 - 0.511ms returns FALSE
TC170 032:836.716 JLINK_IsHalted()
TC170 032:837.104 - 0.388ms returns FALSE
TC6E0 032:936.160 JLINK_IsHalted()
TC6E0 032:936.780 - 0.617ms returns FALSE
TC6E0 032:936.848 JLINK_IsHalted()
TC6E0 032:937.510 - 0.660ms returns FALSE
TC170 032:945.494 JLINK_IsHalted()
TC170 032:945.974 - 0.480ms returns FALSE
TC170 032:945.996 JLINK_IsHalted()
TC170 032:946.412 - 0.416ms returns FALSE
TC170 033:055.472 JLINK_IsHalted()
TC170 033:055.948 - 0.479ms returns FALSE
TC170 033:055.978 JLINK_IsHalted()
TC170 033:056.420 - 0.443ms returns FALSE
TC170 033:164.512 JLINK_IsHalted()
TC170 033:164.896 - 0.385ms returns FALSE
TC170 033:164.906 JLINK_IsHalted()
TC170 033:165.254 - 0.348ms returns FALSE
TC170 033:273.980 JLINK_IsHalted()
TC170 033:274.464 - 0.484ms returns FALSE
TC170 033:274.496 JLINK_IsHalted()
TC170 033:274.966 - 0.471ms returns FALSE
TC170 033:383.178 JLINK_IsHalted()
TC170 033:383.820 - 0.640ms returns FALSE
TC170 033:383.878 JLINK_IsHalted()
TC170 033:384.330 - 0.450ms returns FALSE
TC170 033:492.838 JLINK_IsHalted()
TC170 033:493.194 - 0.355ms returns FALSE
TC170 033:493.210 JLINK_IsHalted()
TC170 033:493.540 - 0.330ms returns FALSE
TC170 033:601.848 JLINK_IsHalted()
TC170 033:602.548 - 0.701ms returns FALSE
TC170 033:602.620 JLINK_IsHalted()
TC170 033:603.116 - 0.495ms returns FALSE
TC170 033:711.908 JLINK_IsHalted()
TC170 033:712.552 - 0.642ms returns FALSE
TC170 033:712.608 JLINK_IsHalted()
TC170 033:713.212 - 0.602ms returns FALSE
TC170 033:820.368 JLINK_IsHalted()
TC170 033:820.860 - 0.491ms returns FALSE
TC170 033:820.896 JLINK_IsHalted()
TC170 033:821.364 - 0.469ms returns FALSE
TC170 033:930.200 JLINK_IsHalted()
TC170 033:930.840 - 0.639ms returns FALSE
TC170 033:930.908 JLINK_IsHalted()
TC170 033:931.544 - 0.634ms returns FALSE
TC6E0 033:938.784 JLINK_IsHalted()
TC6E0 033:939.148 - 0.365ms returns FALSE
TC6E0 033:939.160 JLINK_IsHalted()
TC6E0 033:939.528 - 0.364ms returns FALSE
TC170 034:039.704 JLINK_IsHalted()
TC170 034:040.396 - 0.690ms returns FALSE
TC170 034:040.480 JLINK_IsHalted()
TC170 034:041.148 - 0.666ms returns FALSE
TC170 034:148.672 JLINK_IsHalted()
TC170 034:149.400 - 0.728ms returns FALSE
TC170 034:149.484 JLINK_IsHalted()
TC170 034:150.164 - 0.674ms returns FALSE
TC170 034:258.244 JLINK_IsHalted()
TC170 034:259.000 - 0.753ms returns FALSE
TC170 034:259.088 JLINK_IsHalted()
TC170 034:259.656 - 0.567ms returns FALSE
TC170 034:368.068 JLINK_IsHalted()
TC170 034:368.800 - 0.733ms returns FALSE
TC170 034:368.888 JLINK_IsHalted()
TC170 034:369.564 - 0.672ms returns FALSE
TC170 034:477.556 JLINK_IsHalted()
TC170 034:478.240 - 0.682ms returns FALSE
TC170 034:478.304 JLINK_IsHalted()
TC170 034:478.788 - 0.480ms returns FALSE
TC170 034:586.884 JLINK_IsHalted()
TC170 034:587.280 - 0.397ms returns FALSE
TC170 034:587.300 JLINK_IsHalted()
TC170 034:587.696 - 0.396ms returns FALSE
TC170 034:696.384 JLINK_IsHalted()
TC170 034:697.100 - 0.718ms returns FALSE
TC170 034:697.176 JLINK_IsHalted()
TC170 034:697.768 - 0.589ms returns FALSE
TC170 034:805.804 JLINK_IsHalted()
TC170 034:806.272 - 0.467ms returns FALSE
TC170 034:806.300 JLINK_IsHalted()
TC170 034:806.756 - 0.450ms returns FALSE
TC170 034:914.592 JLINK_IsHalted()
TC170 034:915.112 - 0.520ms returns FALSE
TC170 034:915.128 JLINK_IsHalted()
TC170 034:915.580 - 0.448ms returns FALSE
TC6E0 034:939.412 JLINK_IsHalted()
TC6E0 034:940.124 - 0.709ms returns FALSE
TC6E0 034:940.192 JLINK_IsHalted()
TC6E0 034:940.824 - 0.630ms returns FALSE
TC170 035:023.576 JLINK_IsHalted()
TC170 035:024.004 - 0.427ms returns FALSE
TC170 035:024.024 JLINK_IsHalted()
TC170 035:024.536 - 0.510ms returns FALSE
TC170 035:133.512 JLINK_IsHalted()
TC170 035:133.896 - 0.386ms returns FALSE
TC170 035:133.908 JLINK_IsHalted()
TC170 035:134.216 - 0.304ms returns FALSE
TC170 035:242.776 JLINK_IsHalted()
TC170 035:243.288 - 0.508ms returns FALSE
TC170 035:243.304 JLINK_IsHalted()
TC170 035:243.760 - 0.452ms returns FALSE
TC170 035:352.440 JLINK_IsHalted()
TC170 035:352.904 - 0.463ms returns FALSE
TC170 035:352.932 JLINK_IsHalted()
TC170 035:353.376 - 0.446ms returns FALSE
TC170 035:461.540 JLINK_IsHalted()
TC170 035:462.204 - 0.663ms returns FALSE
TC170 035:462.268 JLINK_IsHalted()
TC170 035:462.748 - 0.478ms returns FALSE
TC170 035:571.080 JLINK_IsHalted()
TC170 035:571.788 - 0.708ms returns FALSE
TC170 035:571.852 JLINK_IsHalted()
TC170 035:572.328 - 0.470ms returns FALSE
TC170 035:679.784 JLINK_IsHalted()
TC170 035:680.244 - 0.455ms returns FALSE
TC170 035:680.264 JLINK_IsHalted()
TC170 035:680.632 - 0.369ms returns FALSE
TC170 035:789.528 JLINK_IsHalted()
TC170 035:790.080 - 0.555ms returns FALSE
TC170 035:790.096 JLINK_IsHalted()
TC170 035:790.432 - 0.335ms returns FALSE
TC170 035:899.008 JLINK_IsHalted()
TC170 035:899.624 - 0.615ms returns FALSE
TC170 035:899.680 JLINK_IsHalted()
TC170 035:900.248 - 0.564ms returns FALSE
TC6E0 035:941.808 JLINK_IsHalted()
TC6E0 035:942.352 - 0.542ms returns FALSE
TC6E0 035:942.444 JLINK_IsHalted()
TC6E0 035:943.080 - 0.631ms returns FALSE
TC170 036:008.620 JLINK_IsHalted()
TC170 036:009.112 - 0.488ms returns FALSE
TC170 036:009.128 JLINK_IsHalted()
TC170 036:009.528 - 0.396ms returns FALSE
TC170 036:117.524 JLINK_IsHalted()
TC170 036:118.280 - 0.756ms returns FALSE
TC170 036:118.356 JLINK_IsHalted()
TC170 036:119.016 - 0.662ms returns FALSE
TC170 036:227.384 JLINK_IsHalted()
TC170 036:228.088 - 0.703ms returns FALSE
TC170 036:228.148 JLINK_IsHalted()
TC170 036:228.728 - 0.581ms returns FALSE
TC170 036:336.104 JLINK_IsHalted()
TC170 036:336.508 - 0.403ms returns FALSE
TC170 036:336.536 JLINK_IsHalted()
TC170 036:336.888 - 0.352ms returns FALSE
TC170 036:446.260 JLINK_IsHalted()
TC170 036:446.656 - 0.396ms returns FALSE
TC170 036:446.664 JLINK_IsHalted()
TC170 036:447.060 - 0.393ms returns FALSE
TC170 036:554.792 JLINK_IsHalted()
TC170 036:555.592 - 0.798ms returns FALSE
TC170 036:555.652 JLINK_IsHalted()
TC170 036:556.232 - 0.575ms returns FALSE
TC170 036:664.296 JLINK_IsHalted()
TC170 036:664.720 - 0.423ms returns FALSE
TC170 036:664.736 JLINK_IsHalted()
TC170 036:665.112 - 0.373ms returns FALSE
TC170 036:774.140 JLINK_IsHalted()
TC170 036:774.612 - 0.468ms returns FALSE
TC170 036:774.624 JLINK_IsHalted()
TC170 036:774.964 - 0.339ms returns FALSE
TC170 036:883.208 JLINK_IsHalted()
TC170 036:883.652 - 0.440ms returns FALSE
TC170 036:883.668 JLINK_IsHalted()
TC170 036:884.024 - 0.357ms returns FALSE
TC6E0 036:943.368 JLINK_IsHalted()
TC6E0 036:943.708 - 0.341ms returns FALSE
TC6E0 036:943.720 JLINK_IsHalted()
TC6E0 036:944.048 - 0.326ms returns FALSE
TC170 036:993.212 JLINK_IsHalted()
TC170 036:993.604 - 0.389ms returns FALSE
TC170 036:993.612 JLINK_IsHalted()
TC170 036:993.892 - 0.276ms returns FALSE
TC170 037:102.556 JLINK_IsHalted()
TC170 037:102.876 - 0.320ms returns FALSE
TC170 037:102.892 JLINK_IsHalted()
TC170 037:103.268 - 0.375ms returns FALSE
TC170 037:211.248 JLINK_IsHalted()
TC170 037:211.624 - 0.374ms returns FALSE
TC170 037:211.632 JLINK_IsHalted()
TC170 037:211.908 - 0.276ms returns FALSE
TC170 037:320.632 JLINK_IsHalted()
TC170 037:321.092 - 0.462ms returns FALSE
TC170 037:321.140 JLINK_IsHalted()
TC170 037:321.496 - 0.355ms returns FALSE
TC170 037:430.504 JLINK_IsHalted()
TC170 037:430.888 - 0.386ms returns FALSE
TC170 037:430.900 JLINK_IsHalted()
TC170 037:431.264 - 0.364ms returns FALSE
TC170 037:539.116 JLINK_IsHalted()
TC170 037:539.548 - 0.432ms returns FALSE
TC170 037:539.564 JLINK_IsHalted()
TC170 037:539.920 - 0.353ms returns FALSE
TC170 037:649.096 JLINK_IsHalted()
TC170 037:649.480 - 0.380ms returns FALSE
TC170 037:649.496 JLINK_IsHalted()
TC170 037:649.788 - 0.295ms returns FALSE
TC170 037:758.368 JLINK_IsHalted()
TC170 037:758.976 - 0.603ms returns FALSE
TC170 037:759.040 JLINK_IsHalted()
TC170 037:759.656 - 0.614ms returns FALSE
TC170 037:868.504 JLINK_IsHalted()
TC170 037:869.140 - 0.638ms returns FALSE
TC170 037:869.216 JLINK_IsHalted()
TC170 037:869.800 - 0.582ms returns FALSE
TC6E0 037:944.752 JLINK_IsHalted()
TC6E0 037:945.192 - 0.440ms returns FALSE
TC6E0 037:945.216 JLINK_IsHalted()
TC6E0 037:945.540 - 0.325ms returns FALSE
TC170 037:976.720 JLINK_IsHalted()
TC170 037:977.096 - 0.373ms returns FALSE
TC170 037:977.112 JLINK_IsHalted()
TC170 037:977.432 - 0.319ms returns FALSE
TC170 038:086.464 JLINK_IsHalted()
TC170 038:086.876 - 0.413ms returns FALSE
TC170 038:086.888 JLINK_IsHalted()
TC170 038:087.224 - 0.334ms returns FALSE
T9D88 038:136.008 JLINK_ExecCommand("SetRestartOnClose = 1", ...). 
T9D88 038:136.044 - 0.002ms returns 0x00
T9D88 038:136.052 JLINK_ClrBPEx(BPHandle = 0xFFFFFFFF)
T9D88 038:136.064 - 0.012ms returns 0x00
T9D88 038:136.072 JLINK_IsHalted()
T9D88 038:136.460 - 0.390ms returns FALSE
T9D88 038:136.488 JLINK_STRACE_Read(..., NumItems = 0x10000)
T9D88 038:337.424 - 200.934ms NumItemsRead = 0x00
T9D88 038:337.576 JLINK_GoEx(MaxEmulInsts = 0, Flags = 0x01)
T9D88 038:337.936   
  ***** Error: 
T9D88 038:337.960   CPU is not halted
T9D88 038:337.964 - 0.388ms 
T9D88 038:337.976 JLINK_ReadReg(XPSR)
T9D88 038:338.344   CPU is running
T9D88 038:338.360   
  ***** Error: 
T9D88 038:338.364   Cannot read register 16 (XPSR) while CPU is running
T9D88 038:338.372 - 0.399ms returns 0x00000000
T9D88 038:345.992 JLINK_Close()
T9D88 038:346.208   CPU is running
T9D88 038:346.228   CPU_WriteMem(4 bytes @ 0xE0002008)
T9D88 038:346.504   CPU is running
T9D88 038:346.528   CPU_WriteMem(4 bytes @ 0xE000200C)
T9D88 038:346.884   CPU is running
T9D88 038:346.900   CPU_WriteMem(4 bytes @ 0xE0002010)
T9D88 038:347.160   CPU is running
T9D88 038:347.176   CPU_WriteMem(4 bytes @ 0xE0002014)
T9D88 038:347.460   CPU is running
T9D88 038:347.476   CPU_WriteMem(4 bytes @ 0xE0002018)
T9D88 038:347.752   CPU is running
T9D88 038:347.768   CPU_WriteMem(4 bytes @ 0xE000201C)
T9D88 038:348.048   CPU is running
T9D88 038:348.064   CPU_WriteMem(4 bytes @ 0xE0002020)
T9D88 038:348.364   CPU is running
T9D88 038:348.376   CPU_WriteMem(4 bytes @ 0xE0002024)
T9D88 038:359.168 - 13.172ms
T9D88 038:359.184   
T9D88 038:359.188   Closed
